{"total": {"lines":{"total":1356,"covered":699,"skipped":0,"pct":51.54},"statements":{"total":1562,"covered":766,"skipped":0,"pct":49.03},"functions":{"total":572,"covered":242,"skipped":0,"pct":42.3},"branches":{"total":875,"covered":330,"skipped":0,"pct":37.71},"branchesTrue":{"total":0,"covered":0,"skipped":0,"pct":100}}
,"C:\\Users\\ytata\\AppProject\\baseProject\\apps\\fitness\\src\\ThemeContext.tsx": {"lines":{"total":20,"covered":20,"skipped":0,"pct":100},"functions":{"total":12,"covered":10,"skipped":0,"pct":83.33},"statements":{"total":20,"covered":20,"skipped":0,"pct":100},"branches":{"total":6,"covered":6,"skipped":0,"pct":100}}
,"C:\\Users\\ytata\\AppProject\\baseProject\\apps\\fitness\\src\\WorkoutContext.tsx": {"lines":{"total":137,"covered":137,"skipped":0,"pct":100},"functions":{"total":51,"covered":40,"skipped":0,"pct":78.43},"statements":{"total":155,"covered":152,"skipped":0,"pct":98.06},"branches":{"total":58,"covered":46,"skipped":0,"pct":79.31}}
,"C:\\Users\\ytata\\AppProject\\baseProject\\apps\\fitness\\src\\config.ts": {"lines":{"total":7,"covered":7,"skipped":0,"pct":100},"functions":{"total":0,"covered":0,"skipped":0,"pct":100},"statements":{"total":7,"covered":7,"skipped":0,"pct":100},"branches":{"total":0,"covered":0,"skipped":0,"pct":100}}
,"C:\\Users\\ytata\\AppProject\\baseProject\\apps\\fitness\\src\\exerciseDB.ts": {"lines":{"total":11,"covered":11,"skipped":0,"pct":100},"functions":{"total":6,"covered":6,"skipped":0,"pct":100},"statements":{"total":11,"covered":11,"skipped":0,"pct":100},"branches":{"total":0,"covered":0,"skipped":0,"pct":100}}
,"C:\\Users\\ytata\\AppProject\\baseProject\\apps\\fitness\\src\\theme.ts": {"lines":{"total":9,"covered":9,"skipped":0,"pct":100},"functions":{"total":1,"covered":1,"skipped":0,"pct":100},"statements":{"total":9,"covered":9,"skipped":0,"pct":100},"branches":{"total":0,"covered":0,"skipped":0,"pct":100}}
,"C:\\Users\\ytata\\AppProject\\baseProject\\apps\\fitness\\src\\types.ts": {"lines":{"total":0,"covered":0,"skipped":0,"pct":100},"functions":{"total":0,"covered":0,"skipped":0,"pct":100},"statements":{"total":0,"covered":0,"skipped":0,"pct":100},"branches":{"total":0,"covered":0,"skipped":0,"pct":100}}
,"C:\\Users\\ytata\\AppProject\\baseProject\\apps\\fitness\\src\\components\\BottomSheet.tsx": {"lines":{"total":29,"covered":29,"skipped":0,"pct":100},"functions":{"total":10,"covered":10,"skipped":0,"pct":100},"statements":{"total":31,"covered":31,"skipped":0,"pct":100},"branches":{"total":30,"covered":29,"skipped":0,"pct":96.66}}
,"C:\\Users\\ytata\\AppProject\\baseProject\\apps\\fitness\\src\\components\\CustomDrawerContent.tsx": {"lines":{"total":16,"covered":2,"skipped":0,"pct":12.5},"functions":{"total":7,"covered":0,"skipped":0,"pct":0},"statements":{"total":18,"covered":2,"skipped":0,"pct":11.11},"branches":{"total":12,"covered":0,"skipped":0,"pct":0}}
,"C:\\Users\\ytata\\AppProject\\baseProject\\apps\\fitness\\src\\components\\LineChart.tsx": {"lines":{"total":65,"covered":65,"skipped":0,"pct":100},"functions":{"total":12,"covered":12,"skipped":0,"pct":100},"statements":{"total":72,"covered":69,"skipped":0,"pct":95.83},"branches":{"total":66,"covered":60,"skipped":0,"pct":90.9}}
,"C:\\Users\\ytata\\AppProject\\baseProject\\apps\\fitness\\src\\components\\ScreenHeader.tsx": {"lines":{"total":8,"covered":8,"skipped":0,"pct":100},"functions":{"total":4,"covered":4,"skipped":0,"pct":100},"statements":{"total":8,"covered":8,"skipped":0,"pct":100},"branches":{"total":10,"covered":10,"skipped":0,"pct":100}}
,"C:\\Users\\ytata\\AppProject\\baseProject\\apps\\fitness\\src\\components\\SectionLabel.tsx": {"lines":{"total":4,"covered":4,"skipped":0,"pct":100},"functions":{"total":2,"covered":2,"skipped":0,"pct":100},"statements":{"total":4,"covered":4,"skipped":0,"pct":100},"branches":{"total":0,"covered":0,"skipped":0,"pct":100}}
,"C:\\Users\\ytata\\AppProject\\baseProject\\apps\\fitness\\src\\components\\SwipeableRow.tsx": {"lines":{"total":23,"covered":13,"skipped":0,"pct":56.52},"functions":{"total":11,"covered":5,"skipped":0,"pct":45.45},"statements":{"total":25,"covered":15,"skipped":0,"pct":60},"branches":{"total":8,"covered":0,"skipped":0,"pct":0}}
,"C:\\Users\\ytata\\AppProject\\baseProject\\apps\\fitness\\src\\navigation\\RootNavigator.tsx": {"lines":{"total":13,"covered":8,"skipped":0,"pct":61.53},"functions":{"total":6,"covered":3,"skipped":0,"pct":50},"statements":{"total":13,"covered":8,"skipped":0,"pct":61.53},"branches":{"total":0,"covered":0,"skipped":0,"pct":100}}
,"C:\\Users\\ytata\\AppProject\\baseProject\\apps\\fitness\\src\\screens\\DayDetailScreen.tsx": {"lines":{"total":29,"covered":29,"skipped":0,"pct":100},"functions":{"total":13,"covered":13,"skipped":0,"pct":100},"statements":{"total":34,"covered":34,"skipped":0,"pct":100},"branches":{"total":14,"covered":11,"skipped":0,"pct":78.57}}
,"C:\\Users\\ytata\\AppProject\\baseProject\\apps\\fitness\\src\\screens\\HistoryScreen.tsx": {"lines":{"total":183,"covered":79,"skipped":0,"pct":43.16},"functions":{"total":80,"covered":33,"skipped":0,"pct":41.25},"statements":{"total":214,"covered":86,"skipped":0,"pct":40.18},"branches":{"total":89,"covered":33,"skipped":0,"pct":37.07}}
,"C:\\Users\\ytata\\AppProject\\baseProject\\apps\\fitness\\src\\screens\\HomeScreen.tsx": {"lines":{"total":112,"covered":0,"skipped":0,"pct":0},"functions":{"total":44,"covered":0,"skipped":0,"pct":0},"statements":{"total":133,"covered":0,"skipped":0,"pct":0},"branches":{"total":68,"covered":0,"skipped":0,"pct":0}}
,"C:\\Users\\ytata\\AppProject\\baseProject\\apps\\fitness\\src\\screens\\MonthlyReportScreen.tsx": {"lines":{"total":77,"covered":76,"skipped":0,"pct":98.7},"functions":{"total":34,"covered":33,"skipped":0,"pct":97.05},"statements":{"total":87,"covered":85,"skipped":0,"pct":97.7},"branches":{"total":53,"covered":44,"skipped":0,"pct":83.01}}
,"C:\\Users\\ytata\\AppProject\\baseProject\\apps\\fitness\\src\\screens\\OrderConfirmScreen.tsx": {"lines":{"total":49,"covered":16,"skipped":0,"pct":32.65},"functions":{"total":24,"covered":7,"skipped":0,"pct":29.16},"statements":{"total":58,"covered":18,"skipped":0,"pct":31.03},"branches":{"total":22,"covered":4,"skipped":0,"pct":18.18}}
,"C:\\Users\\ytata\\AppProject\\baseProject\\apps\\fitness\\src\\screens\\ProgressScreen.tsx": {"lines":{"total":128,"covered":79,"skipped":0,"pct":61.71},"functions":{"total":55,"covered":29,"skipped":0,"pct":52.72},"statements":{"total":148,"covered":87,"skipped":0,"pct":58.78},"branches":{"total":95,"covered":41,"skipped":0,"pct":43.15}}
,"C:\\Users\\ytata\\AppProject\\baseProject\\apps\\fitness\\src\\screens\\RMCalculatorScreen.tsx": {"lines":{"total":31,"covered":27,"skipped":0,"pct":87.09},"functions":{"total":18,"covered":10,"skipped":0,"pct":55.55},"statements":{"total":38,"covered":29,"skipped":0,"pct":76.31},"branches":{"total":14,"covered":13,"skipped":0,"pct":92.85}}
,"C:\\Users\\ytata\\AppProject\\baseProject\\apps\\fitness\\src\\screens\\SessionEditScreen.tsx": {"lines":{"total":35,"covered":24,"skipped":0,"pct":68.57},"functions":{"total":25,"covered":12,"skipped":0,"pct":48},"statements":{"total":45,"covered":30,"skipped":0,"pct":66.66},"branches":{"total":32,"covered":19,"skipped":0,"pct":59.37}}
,"C:\\Users\\ytata\\AppProject\\baseProject\\apps\\fitness\\src\\screens\\SettingsScreen.tsx": {"lines":{"total":41,"covered":0,"skipped":0,"pct":0},"functions":{"total":20,"covered":0,"skipped":0,"pct":0},"statements":{"total":43,"covered":0,"skipped":0,"pct":0},"branches":{"total":19,"covered":0,"skipped":0,"pct":0}}
,"C:\\Users\\ytata\\AppProject\\baseProject\\apps\\fitness\\src\\screens\\TemplateManageScreen.tsx": {"lines":{"total":68,"covered":19,"skipped":0,"pct":27.94},"functions":{"total":26,"covered":4,"skipped":0,"pct":15.38},"statements":{"total":74,"covered":20,"skipped":0,"pct":27.02},"branches":{"total":42,"covered":6,"skipped":0,"pct":14.28}}
,"C:\\Users\\ytata\\AppProject\\baseProject\\apps\\fitness\\src\\screens\\WorkoutScreen.tsx": {"lines":{"total":224,"covered":0,"skipped":0,"pct":0},"functions":{"total":103,"covered":0,"skipped":0,"pct":0},"statements":{"total":274,"covered":0,"skipped":0,"pct":0},"branches":{"total":229,"covered":0,"skipped":0,"pct":0}}
,"C:\\Users\\ytata\\AppProject\\baseProject\\apps\\fitness\\src\\utils\\storage.ts": {"lines":{"total":37,"covered":37,"skipped":0,"pct":100},"functions":{"total":8,"covered":8,"skipped":0,"pct":100},"statements":{"total":41,"covered":41,"skipped":0,"pct":100},"branches":{"total":8,"covered":8,"skipped":0,"pct":100}}
}
