TN:
SF:src\ThemeContext.tsx
FN:29,(anonymous_0)
FN:35,TanrenThemeProvider
FN:39,(anonymous_2)
FN:41,(anonymous_3)
FN:46,(anonymous_4)
FN:49,(anonymous_5)
FN:51,(anonymous_6)
FN:54,(anonymous_7)
FN:63,(anonymous_8)
FN:65,(anonymous_9)
FN:71,(anonymous_10)
FN:84,useTheme
FNF:12
FNH:10
FNDA:0,(anonymous_0)
FNDA:128,TanrenThemeProvider
FNDA:120,(anonymous_2)
FNDA:119,(anonymous_3)
FNDA:1,(anonymous_4)
FNDA:7,(anonymous_5)
FNDA:0,(anonymous_6)
FNDA:128,(anonymous_7)
FNDA:120,(anonymous_8)
FNDA:3240,(anonymous_9)
FNDA:128,(anonymous_10)
FNDA:499,useTheme
DA:13,13
DA:26,13
DA:36,128
DA:39,128
DA:40,120
DA:42,119
DA:43,1
DA:49,128
DA:50,7
DA:51,7
DA:54,128
DA:55,128
DA:56,128
DA:62,128
DA:64,120
DA:65,3240
DA:70,128
DA:71,128
DA:75,128
DA:85,499
LF:20
LH:20
BRDA:42,0,0,1
BRDA:42,0,1,118
BRDA:42,1,0,119
BRDA:42,1,1,2
BRDA:58,2,0,122
BRDA:58,2,1,6
BRF:6
BRH:6
end_of_record
TN:
SF:src\WorkoutContext.tsx
FN:47,toDateStr
FN:54,newId
FN:58,computeWeeklyStats
FN:67,(anonymous_3)
FN:69,(anonymous_4)
FN:72,(anonymous_5)
FN:93,(anonymous_6)
FN:94,(anonymous_7)
FN:95,(anonymous_8)
FN:96,(anonymous_9)
FN:97,(anonymous_10)
FN:98,(anonymous_11)
FN:99,(anonymous_12)
FN:100,(anonymous_13)
FN:102,(anonymous_14)
FN:103,(anonymous_15)
FN:104,(anonymous_16)
FN:109,WorkoutProvider
FN:118,(anonymous_18)
FN:119,(anonymous_19)
FN:137,(anonymous_20)
FN:147,(anonymous_21)
FN:148,(anonymous_22)
FN:152,(anonymous_23)
FN:169,(anonymous_24)
FN:178,(anonymous_25)
FN:183,(anonymous_26)
FN:187,(anonymous_27)
FN:193,(anonymous_28)
FN:222,(anonymous_29)
FN:259,(anonymous_30)
FN:266,(anonymous_31)
FN:267,(anonymous_32)
FN:269,(anonymous_33)
FN:270,(anonymous_34)
FN:271,(anonymous_35)
FN:281,(anonymous_36)
FN:294,(anonymous_37)
FN:295,(anonymous_38)
FN:303,(anonymous_39)
FN:304,(anonymous_40)
FN:310,(anonymous_41)
FN:321,(anonymous_42)
FN:322,(anonymous_43)
FN:329,(anonymous_44)
FN:331,(anonymous_45)
FN:333,(anonymous_46)
FN:335,(anonymous_47)
FN:336,(anonymous_48)
FN:340,(anonymous_49)
FN:357,useWorkout
FNF:51
FNH:40
FNDA:423,toDateStr
FNDA:95,newId
FNDA:123,computeWeeklyStats
FNDA:35,(anonymous_3)
FNDA:34,(anonymous_4)
FNDA:35,(anonymous_5)
FNDA:0,(anonymous_6)
FNDA:0,(anonymous_7)
FNDA:0,(anonymous_8)
FNDA:0,(anonymous_9)
FNDA:0,(anonymous_10)
FNDA:0,(anonymous_11)
FNDA:0,(anonymous_12)
FNDA:0,(anonymous_13)
FNDA:0,(anonymous_14)
FNDA:0,(anonymous_15)
FNDA:0,(anonymous_16)
FNDA:302,WorkoutProvider
FNDA:93,(anonymous_18)
FNDA:93,(anonymous_19)
FNDA:33,(anonymous_20)
FNDA:37,(anonymous_21)
FNDA:37,(anonymous_22)
FNDA:6,(anonymous_23)
FNDA:25,(anonymous_24)
FNDA:28,(anonymous_25)
FNDA:28,(anonymous_26)
FNDA:28,(anonymous_27)
FNDA:4,(anonymous_28)
FNDA:4,(anonymous_29)
FNDA:2,(anonymous_30)
FNDA:2,(anonymous_31)
FNDA:2,(anonymous_32)
FNDA:1,(anonymous_33)
FNDA:1,(anonymous_34)
FNDA:1,(anonymous_35)
FNDA:7,(anonymous_36)
FNDA:2,(anonymous_37)
FNDA:3,(anonymous_38)
FNDA:2,(anonymous_39)
FNDA:3,(anonymous_40)
FNDA:1,(anonymous_41)
FNDA:3,(anonymous_42)
FNDA:3,(anonymous_43)
FNDA:2,(anonymous_44)
FNDA:2,(anonymous_45)
FNDA:3,(anonymous_46)
FNDA:1,(anonymous_47)
FNDA:1,(anonymous_48)
FNDA:2,(anonymous_49)
FNDA:344,useWorkout
DA:16,8
DA:48,423
DA:49,423
DA:50,423
DA:51,423
DA:55,95
DA:59,123
DA:60,123
DA:63,123
DA:64,123
DA:65,123
DA:67,123
DA:68,123
DA:69,123
DA:72,123
DA:73,123
DA:74,123
DA:75,123
DA:76,31
DA:77,31
DA:80,123
DA:85,8
DA:87,8
DA:110,302
DA:111,302
DA:112,302
DA:113,302
DA:114,302
DA:115,302
DA:118,302
DA:119,93
DA:120,93
DA:126,93
DA:127,93
DA:128,93
DA:129,93
DA:130,93
DA:131,1
DA:137,302
DA:138,33
DA:147,302
DA:148,37
DA:149,37
DA:152,36
DA:154,36
DA:156,36
DA:164,36
DA:169,302
DA:170,25
DA:172,23
DA:173,23
DA:175,23
DA:178,23
DA:179,28
DA:183,23
DA:184,28
DA:185,25
DA:187,23
DA:188,28
DA:189,28
DA:192,23
DA:193,23
DA:195,23
DA:196,2
DA:197,2
DA:211,21
DA:221,23
DA:222,23
DA:224,23
DA:225,4
DA:226,4
DA:227,4
DA:228,4
DA:235,19
DA:238,19
DA:247,23
DA:248,23
DA:249,23
DA:250,23
DA:252,23
DA:259,302
DA:260,2
DA:261,2
DA:262,2
DA:266,302
DA:267,2
DA:268,2
DA:269,1
DA:270,1
DA:271,1
DA:272,1
DA:273,1
DA:275,2
DA:276,2
DA:277,2
DA:281,302
DA:282,7
DA:288,7
DA:289,7
DA:290,7
DA:294,302
DA:295,2
DA:296,3
DA:298,2
DA:299,2
DA:303,302
DA:304,3
DA:305,2
DA:306,2
DA:310,302
DA:311,1
DA:312,1
DA:313,1
DA:314,1
DA:315,1
DA:316,1
DA:317,1
DA:321,302
DA:322,3
DA:323,3
DA:324,3
DA:325,3
DA:329,302
DA:330,2
DA:332,2
DA:333,3
DA:334,2
DA:335,1
DA:336,1
DA:337,1
DA:338,1
DA:340,2
DA:341,2
DA:342,2
DA:343,2
DA:346,302
DA:358,344
LF:137
LH:137
BRDA:67,0,0,35
BRDA:67,0,1,34
BRDA:130,1,0,1
BRDA:130,1,1,92
BRDA:149,2,0,1
BRDA:149,2,1,36
BRDA:154,3,0,36
BRDA:154,3,1,32
BRDA:154,3,2,4
BRDA:154,3,3,4
BRDA:170,4,0,2
BRDA:170,4,1,23
BRDA:170,5,0,25
BRDA:170,5,1,24
BRDA:179,6,0,25
BRDA:179,6,1,3
BRDA:179,7,0,28
BRDA:179,7,1,25
BRDA:184,8,0,3
BRDA:184,8,1,25
BRDA:185,9,0,22
BRDA:185,9,1,3
BRDA:188,10,0,0
BRDA:188,10,1,28
BRDA:189,11,0,23
BRDA:189,11,1,5
BRDA:195,12,0,2
BRDA:195,12,1,21
BRDA:200,13,0,2
BRDA:200,13,1,0
BRDA:201,14,0,2
BRDA:201,14,1,0
BRDA:204,15,0,2
BRDA:204,15,1,0
BRDA:205,16,0,2
BRDA:205,16,1,0
BRDA:224,17,0,4
BRDA:224,17,1,19
BRDA:226,18,0,4
BRDA:226,18,1,0
BRDA:268,19,0,1
BRDA:268,19,1,1
BRDA:269,20,0,1
BRDA:269,20,1,0
BRDA:272,21,0,1
BRDA:272,21,1,0
BRDA:272,22,0,1
BRDA:272,22,1,1
BRDA:296,23,0,2
BRDA:296,23,1,1
BRDA:332,24,0,0
BRDA:332,24,1,2
BRDA:334,25,0,1
BRDA:334,25,1,1
BRDA:337,26,0,1
BRDA:337,26,1,0
BRDA:337,27,0,1
BRDA:337,27,1,1
BRF:58
BRH:48
end_of_record
TN:
SF:src\config.ts
FNF:0
FNH:0
DA:2,11
DA:18,11
DA:25,11
DA:28,11
DA:39,11
DA:50,11
DA:61,11
LF:7
LH:7
BRF:0
BRH:0
end_of_record
TN:
SF:src\exerciseDB.ts
FN:435,(anonymous_0)
FN:436,(anonymous_1)
FN:437,(anonymous_2)
FN:438,(anonymous_3)
FN:439,(anonymous_4)
FN:440,(anonymous_5)
FNF:6
FNH:6
FNDA:315,(anonymous_0)
FNDA:315,(anonymous_1)
FNDA:315,(anonymous_2)
FNDA:315,(anonymous_3)
FNDA:315,(anonymous_4)
FNDA:315,(anonymous_5)
DA:4,7
DA:14,7
DA:434,7
DA:435,315
DA:436,315
DA:437,315
DA:438,315
DA:439,315
DA:440,315
DA:444,7
DA:454,7
LF:11
LH:11
BRF:0
BRH:0
end_of_record
TN:
SF:src\theme.ts
FN:712,createThemeConfig
FNF:1
FNH:1
FNDA:23,createThemeConfig
DA:80,23
DA:645,23
DA:648,23
DA:666,23
DA:676,23
DA:694,23
DA:713,23
DA:735,23
DA:769,23
LF:9
LH:9
BRF:0
BRH:0
end_of_record
TN:
SF:src\types.ts
FNF:0
FNH:0
LF:0
LH:0
BRF:0
BRH:0
end_of_record
TN:
SF:src\components\BottomSheet.tsx
FN:25,BottomSheet
FN:33,(anonymous_1)
FN:61,(anonymous_2)
FN:117,SheetRow
FN:158,SparkBars
FN:161,(anonymous_5)
FN:165,(anonymous_6)
FN:189,makeStyles
FN:241,makeSheetRowStyles
FN:299,makeSparkStyles
FNF:10
FNH:10
FNDA:13,BottomSheet
FNDA:7,(anonymous_1)
FNDA:1,(anonymous_2)
FNDA:8,SheetRow
FNDA:4,SparkBars
FNDA:12,(anonymous_5)
FNDA:12,(anonymous_6)
FNDA:13,makeStyles
FNDA:8,makeSheetRowStyles
FNDA:4,makeSparkStyles
DA:26,13
DA:27,13
DA:28,13
DA:29,13
DA:30,13
DA:31,13
DA:33,13
DA:34,7
DA:35,6
DA:36,6
DA:50,1
DA:61,1
DA:65,13
DA:67,12
DA:118,8
DA:119,8
DA:122,8
DA:135,8
DA:136,2
DA:147,6
DA:159,4
DA:160,4
DA:161,12
DA:162,4
DA:166,12
DA:167,12
DA:190,13
DA:242,8
DA:300,4
LF:29
LH:29
BRDA:34,0,0,6
BRDA:34,0,1,1
BRDA:65,1,0,1
BRDA:65,1,1,12
BRDA:65,2,0,13
BRDA:65,2,1,7
BRDA:85,3,0,12
BRDA:85,3,1,4
BRDA:91,4,0,12
BRDA:91,4,1,2
BRDA:125,5,0,8
BRDA:125,5,1,1
BRDA:128,6,0,8
BRDA:128,6,1,1
BRDA:129,7,0,8
BRDA:129,7,1,1
BRDA:130,8,0,8
BRDA:130,8,1,2
BRDA:135,9,0,2
BRDA:135,9,1,6
BRDA:138,10,0,2
BRDA:138,10,1,0
BRDA:148,11,0,6
BRDA:148,11,1,1
BRDA:166,12,0,8
BRDA:166,12,1,4
BRDA:173,13,0,2
BRDA:173,13,1,10
BRDA:176,14,0,12
BRDA:176,14,1,2
BRF:30
BRH:29
end_of_record
TN:
SF:src\components\CustomDrawerContent.tsx
FN:38,formatVolume
FN:45,CustomDrawerContent
FN:50,(anonymous_2)
FN:84,(anonymous_3)
FN:90,(anonymous_4)
FN:116,(anonymous_5)
FN:138,makeStyles
FNF:7
FNH:7
FNDA:20,formatVolume
FNDA:20,CustomDrawerContent
FNDA:10,(anonymous_2)
FNDA:120,(anonymous_3)
FNDA:2,(anonymous_4)
FNDA:1,(anonymous_5)
FNDA:10,makeStyles
DA:27,1
DA:39,20
DA:40,20
DA:46,20
DA:47,20
DA:48,20
DA:49,20
DA:50,20
DA:52,20
DA:54,20
DA:85,120
DA:86,120
DA:90,2
DA:116,1
DA:136,1
DA:139,10
LF:16
LH:16
BRDA:39,0,0,0
BRDA:39,0,1,20
BRDA:52,1,0,20
BRDA:52,1,1,0
BRDA:89,2,0,120
BRDA:89,2,1,20
BRDA:97,3,0,20
BRDA:97,3,1,100
BRDA:99,4,0,20
BRDA:99,4,1,100
BRDA:102,5,0,120
BRDA:102,5,1,20
BRF:12
BRH:10
end_of_record
TN:
SF:src\components\LineChart.tsx
FN:77,catmullRomPath
FN:106,areaPath
FN:117,LineChart
FN:148,(anonymous_3)
FN:149,(anonymous_4)
FN:162,(anonymous_5)
FN:164,(anonymous_6)
FN:167,(anonymous_7)
FN:209,(anonymous_8)
FN:244,(anonymous_9)
FN:278,(anonymous_10)
FN:297,(anonymous_11)
FNF:12
FNH:12
FNDA:13,catmullRomPath
FNDA:12,areaPath
FNDA:15,LineChart
FNDA:14,(anonymous_3)
FNDA:40,(anonymous_4)
FNDA:40,(anonymous_5)
FNDA:40,(anonymous_6)
FNDA:40,(anonymous_7)
FNDA:52,(anonymous_8)
FNDA:37,(anonymous_9)
FNDA:6,(anonymous_10)
FNDA:37,(anonymous_11)
DA:65,1
DA:66,1
DA:67,1
DA:68,1
DA:69,1
DA:81,13
DA:82,13
DA:84,13
DA:86,13
DA:87,26
DA:88,26
DA:89,26
DA:90,26
DA:92,26
DA:93,26
DA:94,26
DA:95,26
DA:97,26
DA:102,13
DA:112,12
DA:136,15
DA:137,15
DA:138,15
DA:139,15
DA:140,15
DA:143,15
DA:144,1
DA:148,14
DA:149,40
DA:150,14
DA:151,14
DA:154,14
DA:155,14
DA:156,14
DA:157,14
DA:159,14
DA:160,14
DA:162,14
DA:163,40
DA:164,14
DA:165,40
DA:167,40
DA:170,14
DA:171,14
DA:172,56
DA:176,14
DA:177,14
DA:179,14
DA:189,14
DA:193,14
DA:194,14
DA:199,14
DA:210,52
DA:245,37
DA:246,37
DA:247,37
DA:248,37
DA:249,37
DA:251,37
DA:279,6
DA:280,6
DA:281,6
DA:298,37
DA:299,37
DA:300,37
LF:65
LH:65
BRDA:79,0,0,0
BRDA:81,1,0,0
BRDA:81,1,1,13
BRDA:82,2,0,0
BRDA:82,2,1,13
BRDA:120,3,0,14
BRDA:123,4,0,15
BRDA:124,5,0,15
BRDA:125,6,0,14
BRDA:126,7,0,15
BRDA:127,8,0,14
BRDA:128,9,0,14
BRDA:129,10,0,14
BRDA:130,11,0,13
BRDA:132,12,0,13
BRDA:137,13,0,15
BRDA:137,13,1,14
BRDA:138,14,0,15
BRDA:138,14,1,15
BRDA:139,15,0,15
BRDA:139,15,1,14
BRDA:143,16,0,1
BRDA:143,16,1,14
BRDA:154,17,0,2
BRDA:154,17,1,12
BRDA:163,18,0,1
BRDA:163,18,1,39
BRDA:177,19,0,14
BRDA:177,19,1,0
BRDA:189,20,0,1
BRDA:189,20,1,13
BRDA:194,21,0,12
BRDA:194,21,1,2
BRDA:194,22,0,14
BRDA:194,22,1,13
BRDA:209,23,0,14
BRDA:209,23,1,13
BRDA:224,24,0,14
BRDA:224,24,1,13
BRDA:224,24,2,12
BRDA:232,25,0,14
BRDA:232,25,1,13
BRDA:244,26,0,14
BRDA:244,26,1,13
BRDA:246,27,0,37
BRDA:246,27,1,6
BRDA:247,28,0,2
BRDA:247,28,1,35
BRDA:248,29,0,2
BRDA:248,29,1,35
BRDA:249,30,0,2
BRDA:249,30,1,35
BRDA:253,31,0,37
BRDA:253,31,1,2
BRDA:271,32,0,2
BRDA:271,32,1,35
BRDA:278,33,0,14
BRDA:278,33,1,2
BRDA:280,34,0,3
BRDA:280,34,1,3
BRDA:297,35,0,14
BRDA:297,35,1,13
BRDA:298,36,0,0
BRDA:298,36,1,37
BRDA:298,37,0,37
BRDA:298,37,1,0
BRF:66
BRH:60
end_of_record
TN:
SF:src\components\ScreenHeader.tsx
FN:23,ScreenHeader
FN:42,(anonymous_1)
FN:51,(anonymous_2)
FN:84,makeStyles
FNF:4
FNH:4
FNDA:272,ScreenHeader
FNDA:1,(anonymous_1)
FNDA:1,(anonymous_2)
FNDA:272,makeStyles
DA:31,272
DA:32,272
DA:33,272
DA:34,272
DA:36,272
DA:42,1
DA:51,1
DA:85,272
LF:8
LH:8
BRDA:39,0,0,232
BRDA:39,0,1,40
BRDA:48,1,0,36
BRDA:48,1,1,4
BRDA:51,2,0,36
BRDA:51,2,1,2
BRDA:65,3,0,272
BRDA:65,3,1,1
BRDA:72,4,0,90
BRDA:72,4,1,182
BRF:10
BRH:10
end_of_record
TN:
SF:src\components\SectionLabel.tsx
FN:17,SectionLabel
FN:30,makeStyles
FNF:2
FNH:2
FNDA:4,SectionLabel
FNDA:4,makeStyles
DA:18,4
DA:19,4
DA:21,4
DA:31,4
LF:4
LH:4
BRF:0
BRH:0
end_of_record
TN:
SF:src\components\SwipeableRow.tsx
FN:24,SwipeableRow
FN:26,(anonymous_1)
FN:31,(anonymous_2)
FN:42,(anonymous_3)
FN:43,(anonymous_4)
FN:45,(anonymous_5)
FN:47,(anonymous_6)
FN:51,(anonymous_7)
FN:59,(anonymous_8)
FN:67,(anonymous_9)
FN:85,makeStyles
FNF:11
FNH:5
FNDA:6,SwipeableRow
FNDA:6,(anonymous_1)
FNDA:3,(anonymous_2)
FNDA:0,(anonymous_3)
FNDA:0,(anonymous_4)
FNDA:0,(anonymous_5)
FNDA:0,(anonymous_6)
FNDA:0,(anonymous_7)
FNDA:0,(anonymous_8)
FNDA:3,(anonymous_9)
FNDA:6,makeStyles
DA:21,1
DA:22,1
DA:25,6
DA:26,6
DA:28,6
DA:29,6
DA:31,6
DA:32,3
DA:33,3
DA:40,6
DA:42,0
DA:44,0
DA:46,0
DA:48,0
DA:49,0
DA:52,0
DA:53,0
DA:54,0
DA:56,0
DA:59,0
DA:63,6
DA:67,3
DA:86,6
LF:23
LH:13
BRDA:44,0,0,0
BRDA:44,0,1,0
BRDA:46,1,0,0
BRDA:46,1,1,0
BRDA:53,2,0,0
BRDA:53,2,1,0
BRDA:53,3,0,0
BRDA:53,3,1,0
BRF:8
BRH:0
end_of_record
TN:
SF:src\navigation\RootNavigator.tsx
FN:55,WorkoutStackNavigator
FN:84,HistoryStackNavigator
FN:102,RootNavigator
FN:106,(anonymous_3)
FN:118,(anonymous_4)
FN:122,(anonymous_5)
FNF:6
FNH:5
FNDA:18,WorkoutStackNavigator
FNDA:18,HistoryStackNavigator
FNDA:18,RootNavigator
FNDA:0,(anonymous_3)
FNDA:1,(anonymous_4)
FNDA:1,(anonymous_5)
DA:49,1
DA:50,1
DA:51,1
DA:56,18
DA:57,18
DA:85,18
DA:86,18
DA:103,18
DA:104,18
DA:106,0
DA:118,1
DA:123,1
DA:125,1
LF:13
LH:12
BRF:0
BRH:0
end_of_record
TN:
SF:src\screens\DayDetailScreen.tsx
FN:32,formatDate
FN:42,DayDetailScreen
FN:48,(anonymous_2)
FN:50,(anonymous_3)
FN:64,(anonymous_4)
FN:72,(anonymous_5)
FN:75,(anonymous_6)
FN:76,(anonymous_7)
FN:77,(anonymous_8)
FN:79,(anonymous_9)
FN:83,(anonymous_10)
FN:86,(anonymous_11)
FN:121,makeStyles
FNF:13
FNH:13
FNDA:11,formatDate
FNDA:12,DayDetailScreen
FNDA:12,(anonymous_2)
FNDA:11,(anonymous_3)
FNDA:11,(anonymous_4)
FNDA:22,(anonymous_5)
FNDA:11,(anonymous_6)
FNDA:11,(anonymous_7)
FNDA:11,(anonymous_8)
FNDA:11,(anonymous_9)
FNDA:1,(anonymous_10)
FNDA:2,(anonymous_11)
FNDA:12,makeStyles
DA:30,2
DA:33,11
DA:34,11
DA:35,11
DA:36,11
DA:37,11
DA:43,12
DA:44,12
DA:45,12
DA:46,12
DA:47,12
DA:48,12
DA:50,12
DA:52,12
DA:53,1
DA:63,11
DA:64,11
DA:65,11
DA:67,11
DA:72,22
DA:76,11
DA:77,11
DA:78,11
DA:79,11
DA:80,11
DA:82,11
DA:83,1
DA:87,2
DA:122,12
LF:29
LH:29
BRDA:52,0,0,1
BRDA:52,0,1,11
BRDA:78,1,0,10
BRDA:78,1,1,1
BRDA:78,2,0,10
BRDA:78,2,1,0
BRDA:94,3,0,11
BRDA:94,3,1,0
BRDA:97,4,0,11
BRDA:97,4,1,0
BRDA:99,5,0,10
BRDA:99,5,1,1
BRDA:103,6,0,11
BRDA:103,6,1,7
BRF:14
BRH:11
end_of_record
TN:
SF:src\screens\HistoryScreen.tsx
FN:141,formatDate
FN:146,formatDateShort
FN:151,formatDuration
FN:155,getMaxWeight
FN:163,getVolume
FN:165,(anonymous_5)
FN:171,getWeekMonday
FN:184,DailyTab
FN:189,(anonymous_8)
FN:189,(anonymous_9)
FN:193,(anonymous_10)
FN:197,(anonymous_11)
FN:197,(anonymous_12)
FN:198,(anonymous_13)
FN:202,(anonymous_14)
FN:205,(anonymous_15)
FN:208,(anonymous_16)
FN:220,(anonymous_17)
FN:221,(anonymous_18)
FN:233,(anonymous_19)
FN:234,(anonymous_20)
FN:264,(anonymous_21)
FN:279,(anonymous_22)
FN:285,(anonymous_23)
FN:292,BodyPartListView
FN:296,(anonymous_25)
FN:297,(anonymous_26)
FN:302,(anonymous_27)
FN:326,(anonymous_28)
FN:334,(anonymous_29)
FN:337,(anonymous_30)
FN:376,BodyPartDetailView
FN:387,(anonymous_32)
FN:390,(anonymous_33)
FN:403,(anonymous_34)
FN:408,(anonymous_35)
FN:415,(anonymous_36)
FN:416,(anonymous_37)
FN:420,(anonymous_38)
FN:437,(anonymous_39)
FN:474,(anonymous_40)
FN:502,(anonymous_41)
FN:505,(anonymous_42)
FN:508,(anonymous_43)
FN:526,(anonymous_44)
FN:568,BodyPartTab
FN:575,(anonymous_46)
FN:584,ExerciseListView
FN:597,(anonymous_48)
FN:604,(anonymous_49)
FN:609,(anonymous_50)
FN:619,(anonymous_51)
FN:641,(anonymous_52)
FN:647,(anonymous_53)
FN:668,(anonymous_54)
FN:674,(anonymous_55)
FN:677,(anonymous_56)
FN:680,(anonymous_57)
FN:697,(anonymous_58)
FN:722,ExerciseDetailView
FN:732,(anonymous_60)
FN:733,(anonymous_61)
FN:736,(anonymous_62)
FN:737,(anonymous_63)
FN:740,(anonymous_64)
FN:750,(anonymous_65)
FN:751,(anonymous_66)
FN:754,(anonymous_67)
FN:767,(anonymous_68)
FN:784,(anonymous_69)
FN:844,(anonymous_70)
FN:872,(anonymous_71)
FN:873,(anonymous_72)
FN:905,ExerciseTab
FN:912,(anonymous_74)
FN:921,HistoryScreen
FN:924,(anonymous_76)
FN:932,(anonymous_77)
FN:938,(anonymous_78)
FN:962,makeStyles
FNF:80
FNH:75
FNDA:48,formatDate
FNDA:36,formatDateShort
FNDA:18,formatDuration
FNDA:31,getMaxWeight
FNDA:15,getVolume
FNDA:26,(anonymous_5)
FNDA:36,getWeekMonday
FNDA:29,DailyTab
FNDA:29,(anonymous_8)
FNDA:1,(anonymous_9)
FNDA:18,(anonymous_10)
FNDA:19,(anonymous_11)
FNDA:27,(anonymous_12)
FNDA:19,(anonymous_13)
FNDA:19,(anonymous_14)
FNDA:1,(anonymous_15)
FNDA:2,(anonymous_16)
FNDA:19,(anonymous_17)
FNDA:20,(anonymous_18)
FNDA:19,(anonymous_19)
FNDA:27,(anonymous_20)
FNDA:1,(anonymous_21)
FNDA:35,(anonymous_22)
FNDA:1,(anonymous_23)
FNDA:9,BodyPartListView
FNDA:9,(anonymous_25)
FNDA:54,(anonymous_26)
FNDA:90,(anonymous_27)
FNDA:48,(anonymous_28)
FNDA:36,(anonymous_29)
FNDA:4,(anonymous_30)
FNDA:4,BodyPartDetailView
FNDA:4,(anonymous_32)
FNDA:4,(anonymous_33)
FNDA:13,(anonymous_34)
FNDA:32,(anonymous_35)
FNDA:4,(anonymous_36)
FNDA:0,(anonymous_37)
FNDA:13,(anonymous_38)
FNDA:4,(anonymous_39)
FNDA:8,(anonymous_40)
FNDA:0,(anonymous_41)
FNDA:4,(anonymous_42)
FNDA:1,(anonymous_43)
FNDA:4,(anonymous_44)
FNDA:13,BodyPartTab
FNDA:1,(anonymous_46)
FNDA:10,ExerciseListView
FNDA:10,(anonymous_48)
FNDA:8,(anonymous_49)
FNDA:9,(anonymous_50)
FNDA:0,(anonymous_51)
FNDA:56,(anonymous_52)
FNDA:1,(anonymous_53)
FNDA:15,(anonymous_54)
FNDA:0,(anonymous_55)
FNDA:8,(anonymous_56)
FNDA:3,(anonymous_57)
FNDA:8,(anonymous_58)
FNDA:3,ExerciseDetailView
FNDA:3,(anonymous_60)
FNDA:0,(anonymous_61)
FNDA:3,(anonymous_62)
FNDA:1,(anonymous_63)
FNDA:4,(anonymous_64)
FNDA:3,(anonymous_65)
FNDA:1,(anonymous_66)
FNDA:4,(anonymous_67)
FNDA:4,(anonymous_68)
FNDA:8,(anonymous_69)
FNDA:7,(anonymous_70)
FNDA:1,(anonymous_71)
FNDA:4,(anonymous_72)
FNDA:12,ExerciseTab
FNDA:1,(anonymous_74)
FNDA:45,HistoryScreen
FNDA:29,(anonymous_76)
FNDA:135,(anonymous_77)
FNDA:16,(anonymous_78)
FNDA:29,makeStyles
DA:33,2
DA:35,2
DA:37,2
DA:43,2
DA:55,2
DA:142,48
DA:143,48
DA:147,36
DA:148,36
DA:152,18
DA:156,31
DA:157,31
DA:158,58
DA:160,31
DA:164,15
DA:165,26
DA:172,36
DA:173,36
DA:174,36
DA:175,36
DA:185,29
DA:186,29
DA:188,29
DA:189,29
DA:193,29
DA:194,18
DA:197,27
DA:198,19
DA:201,18
DA:202,19
DA:204,18
DA:205,1
DA:208,2
DA:221,20
DA:222,19
DA:223,19
DA:234,27
DA:235,19
DA:236,19
DA:258,29
DA:259,12
DA:264,1
DA:275,17
DA:279,35
DA:285,1
DA:293,9
DA:294,9
DA:296,9
DA:297,9
DA:298,54
DA:299,54
DA:300,54
DA:301,36
DA:302,90
DA:303,42
DA:304,7
DA:305,7
DA:309,54
DA:313,9
DA:314,3
DA:323,6
DA:326,48
DA:335,36
DA:337,4
DA:383,4
DA:384,4
DA:385,4
DA:387,4
DA:390,4
DA:391,4
DA:392,4
DA:393,4
DA:394,32
DA:395,32
DA:396,32
DA:398,4
DA:399,4
DA:400,4
DA:401,4
DA:402,4
DA:403,13
DA:404,5
DA:405,4
DA:408,32
DA:415,4
DA:416,4
DA:417,4
DA:418,4
DA:419,4
DA:420,13
DA:421,5
DA:422,4
DA:433,4
DA:437,4
DA:438,4
DA:439,4
DA:440,4
DA:441,4
DA:442,4
DA:443,4
DA:445,0
DA:448,4
DA:451,4
DA:474,8
DA:503,0
DA:506,4
DA:508,1
DA:527,4
DA:569,13
DA:571,13
DA:572,4
DA:575,1
DA:579,9
DA:585,10
DA:586,10
DA:587,10
DA:597,10
DA:598,10
DA:599,10
DA:600,9
DA:602,10
DA:603,10
DA:604,8
DA:605,8
DA:606,8
DA:607,8
DA:608,8
DA:609,9
DA:611,8
DA:619,10
DA:622,10
DA:623,2
DA:632,8
DA:642,56
DA:643,56
DA:647,1
DA:668,15
DA:675,0
DA:678,8
DA:680,3
DA:697,8
DA:729,3
DA:730,3
DA:732,3
DA:733,3
DA:736,3
DA:737,3
DA:738,3
DA:739,3
DA:740,4
DA:741,4
DA:742,4
DA:743,4
DA:746,3
DA:750,3
DA:751,3
DA:752,3
DA:753,3
DA:754,4
DA:755,4
DA:756,4
DA:764,3
DA:767,3
DA:768,4
DA:786,8
DA:790,8
DA:817,3
DA:844,7
DA:872,1
DA:874,4
DA:906,12
DA:908,12
DA:909,3
DA:912,1
DA:916,9
DA:922,45
DA:923,45
DA:924,45
DA:926,45
DA:933,135
DA:934,135
DA:938,16
DA:963,29
LF:183
LH:180
BRDA:158,0,0,58
BRDA:158,0,1,0
BRDA:158,1,0,58
BRDA:158,1,1,58
BRDA:158,1,2,27
BRDA:165,2,0,26
BRDA:165,2,1,0
BRDA:165,3,0,26
BRDA:165,3,1,26
BRDA:174,4,0,0
BRDA:174,4,1,36
BRDA:218,5,0,18
BRDA:218,5,1,18
BRDA:222,6,0,0
BRDA:222,6,1,19
BRDA:239,7,0,19
BRDA:239,7,1,0
BRDA:242,8,0,19
BRDA:242,8,1,0
BRDA:258,9,0,12
BRDA:258,9,1,17
BRDA:303,10,0,7
BRDA:303,10,1,35
BRDA:313,11,0,3
BRDA:313,11,1,6
BRDA:349,12,0,36
BRDA:349,12,1,7
BRDA:401,13,0,0
BRDA:401,13,1,4
BRDA:404,14,0,1
BRDA:404,14,1,4
BRDA:405,15,0,4
BRDA:405,15,1,4
BRDA:410,16,0,32
BRDA:410,16,1,28
BRDA:421,17,0,1
BRDA:421,17,1,4
BRDA:441,18,0,4
BRDA:441,18,1,0
BRDA:543,19,0,4
BRDA:543,19,1,4
BRDA:548,20,0,4
BRDA:548,20,1,4
BRDA:571,21,0,4
BRDA:571,21,1,9
BRDA:605,22,0,0
BRDA:605,22,1,8
BRDA:606,23,0,0
BRDA:606,23,1,8
BRDA:606,24,0,8
BRDA:606,24,1,1
BRDA:609,25,0,9
BRDA:609,25,1,0
BRDA:622,26,0,2
BRDA:622,26,1,8
BRDA:646,27,0,8
BRDA:646,27,1,48
BRDA:656,28,0,8
BRDA:656,28,1,48
BRDA:697,29,0,8
BRDA:697,29,1,0
BRDA:743,30,0,4
BRDA:743,30,1,0
BRDA:786,31,0,8
BRDA:786,31,1,8
BRDA:786,31,2,0
BRDA:786,31,3,0
BRDA:799,32,0,8
BRDA:799,32,1,0
BRDA:802,33,0,8
BRDA:802,33,1,0
BRDA:805,34,0,8
BRDA:805,34,1,0
BRDA:832,35,0,3
BRDA:832,35,1,3
BRDA:884,36,0,4
BRDA:884,36,1,4
BRDA:908,37,0,3
BRDA:908,37,1,9
BRDA:937,38,0,135
BRDA:937,38,1,45
BRDA:944,39,0,135
BRDA:944,39,1,45
BRDA:953,40,0,45
BRDA:953,40,1,29
BRDA:954,41,0,45
BRDA:954,41,1,8
BRDA:955,42,0,45
BRDA:955,42,1,8
BRF:89
BRH:71
end_of_record
TN:
SF:src\screens\HomeScreen.tsx
FN:44,toDateStr
FN:51,buildCalendarWeeks
FN:74,formatVolume
FN:79,formatSectionDate
FN:87,HomeScreen
FN:92,(anonymous_5)
FN:94,(anonymous_6)
FN:97,(anonymous_7)
FN:103,(anonymous_8)
FN:104,(anonymous_9)
FN:112,(anonymous_10)
FN:120,(anonymous_11)
FN:126,(anonymous_12)
FN:131,(anonymous_13)
FN:135,(anonymous_14)
FN:142,(anonymous_15)
FN:154,(anonymous_16)
FN:155,(anonymous_17)
FN:156,(anonymous_18)
FN:157,(anonymous_19)
FN:160,(anonymous_20)
FN:167,(anonymous_21)
FN:180,handleStartWorkout
FN:185,handleChipPress
FN:192,handleMenuItemPress
FN:194,(anonymous_25)
FN:236,(anonymous_26)
FN:238,(anonymous_27)
FN:249,(anonymous_28)
FN:251,(anonymous_29)
FN:263,(anonymous_30)
FN:271,(anonymous_31)
FN:273,(anonymous_32)
FN:291,(anonymous_33)
FN:348,(anonymous_34)
FN:349,(anonymous_35)
FN:379,(anonymous_36)
FN:380,(anonymous_37)
FN:386,(anonymous_38)
FN:408,(anonymous_39)
FN:410,(anonymous_40)
FN:414,(anonymous_41)
FN:421,(anonymous_42)
FN:490,makeStyles
FNF:44
FNH:40
FNDA:1297,toDateStr
FNDA:25,buildCalendarWeeks
FNDA:7,formatVolume
FNDA:33,formatSectionDate
FNDA:33,HomeScreen
FNDA:23,(anonymous_5)
FNDA:23,(anonymous_6)
FNDA:23,(anonymous_7)
FNDA:33,(anonymous_8)
FNDA:33,(anonymous_9)
FNDA:23,(anonymous_10)
FNDA:25,(anonymous_11)
FNDA:24,(anonymous_12)
FNDA:23,(anonymous_13)
FNDA:7,(anonymous_14)
FNDA:24,(anonymous_15)
FNDA:7,(anonymous_16)
FNDA:7,(anonymous_17)
FNDA:0,(anonymous_18)
FNDA:7,(anonymous_19)
FNDA:9,(anonymous_20)
FNDA:7,(anonymous_21)
FNDA:2,handleStartWorkout
FNDA:4,handleChipPress
FNDA:0,handleMenuItemPress
FNDA:0,(anonymous_25)
FNDA:1,(anonymous_26)
FNDA:1,(anonymous_27)
FNDA:1,(anonymous_28)
FNDA:1,(anonymous_29)
FNDA:217,(anonymous_30)
FNDA:182,(anonymous_31)
FNDA:1274,(anonymous_32)
FNDA:1,(anonymous_33)
FNDA:7,(anonymous_34)
FNDA:7,(anonymous_35)
FNDA:155,(anonymous_36)
FNDA:2108,(anonymous_37)
FNDA:4,(anonymous_38)
FNDA:7,(anonymous_39)
FNDA:7,(anonymous_40)
FNDA:1,(anonymous_41)
FNDA:0,(anonymous_42)
FNDA:23,makeStyles
DA:32,2
DA:40,2
DA:45,1297
DA:46,1297
DA:47,1297
DA:48,1297
DA:52,25
DA:53,25
DA:54,25
DA:55,25
DA:56,25
DA:58,25
DA:59,25
DA:61,25
DA:62,25
DA:63,148
DA:64,148
DA:65,1036
DA:66,1036
DA:67,1036
DA:69,148
DA:71,25
DA:75,7
DA:76,2
DA:80,33
DA:81,2
DA:82,2
DA:88,33
DA:89,33
DA:90,33
DA:91,33
DA:92,33
DA:94,33
DA:95,33
DA:96,33
DA:97,23
DA:99,33
DA:100,33
DA:102,33
DA:104,33
DA:105,33
DA:106,33
DA:112,33
DA:113,23
DA:114,23
DA:115,23
DA:119,33
DA:120,25
DA:125,33
DA:126,24
DA:131,33
DA:132,23
DA:133,7
DA:134,7
DA:135,7
DA:136,7
DA:138,7
DA:142,33
DA:143,24
DA:144,24
DA:145,7
DA:146,7
DA:147,7
DA:148,7
DA:149,7
DA:150,7
DA:153,7
DA:155,7
DA:156,7
DA:157,7
DA:158,7
DA:160,7
DA:161,9
DA:162,9
DA:164,7
DA:172,7
DA:174,7
DA:178,33
DA:182,2
DA:186,4
DA:193,0
DA:194,0
DA:195,0
DA:196,0
DA:205,0
DA:212,33
DA:217,33
DA:237,1
DA:238,1
DA:250,1
DA:251,1
DA:264,217
DA:272,182
DA:274,1274
DA:275,1274
DA:276,1274
DA:277,1274
DA:278,1274
DA:280,1274
DA:291,1
DA:349,7
DA:350,7
DA:351,7
DA:380,2108
DA:381,155
DA:382,155
DA:386,4
DA:410,7
DA:411,7
DA:415,1
DA:421,0
DA:491,23
LF:112
LH:106
BRDA:54,0,0,24
BRDA:54,0,1,1
BRDA:75,1,0,5
BRDA:75,1,1,2
BRDA:80,2,0,31
BRDA:80,2,1,2
BRDA:126,3,0,24
BRDA:126,3,1,17
BRDA:132,4,0,16
BRDA:132,4,1,7
BRDA:136,5,0,7
BRDA:136,5,1,0
BRDA:144,6,0,17
BRDA:144,6,1,7
BRDA:148,7,0,7
BRDA:148,7,1,0
BRDA:158,8,0,7
BRDA:158,8,1,0
BRDA:160,9,0,7
BRDA:160,9,1,0
BRDA:161,10,0,0
BRDA:161,10,1,9
BRDA:162,11,0,7
BRDA:162,11,1,2
BRDA:195,12,0,0
BRDA:195,12,1,0
BRDA:195,13,0,0
BRDA:195,13,1,0
BRDA:230,14,0,33
BRDA:230,14,1,31
BRDA:285,15,0,1274
BRDA:285,15,1,29
BRDA:286,16,0,1274
BRDA:286,16,1,29
BRDA:286,16,2,2
BRDA:299,17,0,1274
BRDA:299,17,1,321
BRDA:300,18,0,1274
BRDA:300,18,1,29
BRDA:301,19,0,1274
BRDA:301,19,1,29
BRDA:301,19,2,2
BRDA:310,20,0,8
BRDA:310,20,1,1266
BRDA:315,21,0,7
BRDA:315,21,1,1
BRDA:334,22,0,7
BRDA:334,22,1,26
BRDA:350,23,0,0
BRDA:350,23,1,7
BRDA:371,24,0,33
BRDA:371,24,1,31
BRDA:381,25,0,0
BRDA:381,25,1,155
BRDA:401,26,0,26
BRDA:401,26,1,7
BRDA:410,27,0,7
BRDA:410,27,1,0
BRDA:415,28,0,1
BRDA:415,28,1,1
BRDA:434,29,0,7
BRDA:434,29,1,7
BRDA:439,30,0,7
BRDA:439,30,1,7
BRDA:444,31,0,7
BRDA:444,31,1,7
BRDA:449,32,0,7
BRDA:449,32,1,0
BRF:68
BRH:55
end_of_record
TN:
SF:src\screens\MonthlyReportScreen.tsx
FN:20,toDateStr
FN:24,fmtVol
FN:30,MonthlyReportScreen
FN:32,(anonymous_3)
FN:35,(anonymous_4)
FN:46,(anonymous_5)
FN:48,(anonymous_6)
FN:52,(anonymous_7)
FN:54,(anonymous_8)
FN:56,(anonymous_9)
FN:56,(anonymous_10)
FN:62,(anonymous_11)
FN:69,(anonymous_12)
FN:75,(anonymous_13)
FN:78,(anonymous_14)
FN:86,(anonymous_15)
FN:96,(anonymous_16)
FN:99,(anonymous_17)
FN:102,(anonymous_18)
FN:113,(anonymous_19)
FN:113,(anonymous_20)
FN:118,(anonymous_21)
FN:122,(anonymous_22)
FN:125,(anonymous_23)
FN:137,(anonymous_24)
FN:139,(anonymous_25)
FN:157,(anonymous_26)
FN:158,(anonymous_27)
FN:174,(anonymous_28)
FN:175,(anonymous_29)
FN:234,(anonymous_30)
FN:262,(anonymous_31)
FN:304,(anonymous_32)
FN:331,makeStyles
FNF:34
FNH:34
FNDA:19,toDateStr
FNDA:32,fmtVol
FNDA:19,MonthlyReportScreen
FNDA:15,(anonymous_3)
FNDA:15,(anonymous_4)
FNDA:19,(anonymous_5)
FNDA:10,(anonymous_6)
FNDA:19,(anonymous_7)
FNDA:10,(anonymous_8)
FNDA:10,(anonymous_9)
FNDA:11,(anonymous_10)
FNDA:10,(anonymous_11)
FNDA:19,(anonymous_12)
FNDA:12,(anonymous_13)
FNDA:26,(anonymous_14)
FNDA:114,(anonymous_15)
FNDA:19,(anonymous_16)
FNDA:582,(anonymous_17)
FNDA:310,(anonymous_18)
FNDA:19,(anonymous_19)
FNDA:582,(anonymous_20)
FNDA:19,(anonymous_21)
FNDA:12,(anonymous_22)
FNDA:26,(anonymous_23)
FNDA:1,(anonymous_24)
FNDA:11,(anonymous_25)
FNDA:2,(anonymous_26)
FNDA:2,(anonymous_27)
FNDA:2,(anonymous_28)
FNDA:2,(anonymous_29)
FNDA:60,(anonymous_30)
FNDA:310,(anonymous_31)
FNDA:11,(anonymous_32)
FNDA:15,makeStyles
DA:21,19
DA:25,32
DA:31,19
DA:32,19
DA:33,19
DA:35,19
DA:36,15
DA:37,15
DA:38,15
DA:39,15
DA:42,19
DA:43,19
DA:46,19
DA:47,19
DA:48,19
DA:52,19
DA:53,19
DA:54,19
DA:55,19
DA:56,11
DA:60,19
DA:62,10
DA:65,19
DA:69,19
DA:70,19
DA:73,19
DA:74,10
DA:75,12
DA:76,11
DA:77,11
DA:79,26
DA:82,11
DA:85,19
DA:86,114
DA:96,19
DA:97,19
DA:98,19
DA:99,19
DA:100,582
DA:101,582
DA:102,582
DA:103,582
DA:112,19
DA:113,582
DA:118,19
DA:119,19
DA:120,19
DA:121,10
DA:122,12
DA:123,11
DA:124,11
DA:126,26
DA:129,11
DA:130,11
DA:132,11
DA:133,11
DA:136,19
DA:137,1
DA:139,11
DA:142,19
DA:143,19
DA:145,19
DA:158,2
DA:159,2
DA:160,2
DA:161,2
DA:175,2
DA:176,2
DA:177,2
DA:178,2
DA:235,60
DA:263,310
DA:264,310
DA:265,310
DA:266,310
DA:305,11
DA:332,15
LF:77
LH:77
BRDA:25,0,0,27
BRDA:25,0,1,5
BRDA:60,1,0,10
BRDA:60,1,1,9
BRDA:76,2,0,0
BRDA:76,2,1,11
BRDA:79,3,0,26
BRDA:79,3,1,0
BRDA:79,4,0,26
BRDA:79,4,1,26
BRDA:90,5,0,60
BRDA:90,5,1,54
BRDA:91,6,0,114
BRDA:91,6,1,60
BRDA:106,7,0,582
BRDA:106,7,1,572
BRDA:123,8,0,11
BRDA:123,8,1,0
BRDA:126,9,0,26
BRDA:126,9,1,0
BRDA:126,10,0,26
BRDA:126,10,1,26
BRDA:129,11,0,11
BRDA:129,11,1,0
BRDA:188,12,0,9
BRDA:188,12,1,10
BRDA:237,13,0,60
BRDA:237,13,1,50
BRDA:244,14,0,60
BRDA:244,14,1,11
BRDA:245,15,0,60
BRDA:245,15,1,10
BRDA:250,16,0,11
BRDA:250,16,1,49
BRDA:264,17,0,10
BRDA:264,17,1,300
BRDA:265,18,0,310
BRDA:265,18,1,300
BRDA:265,18,2,260
BRDA:268,19,0,310
BRDA:268,19,1,10
BRDA:268,19,2,10
BRDA:268,19,3,0
BRDA:272,20,0,0
BRDA:272,20,1,0
BRDA:283,21,0,10
BRDA:283,21,1,300
BRDA:289,22,0,310
BRDA:289,22,1,10
BRDA:293,23,0,60
BRDA:293,23,1,250
BRDA:307,24,0,11
BRDA:307,24,1,1
BRF:53
BRH:45
end_of_record
TN:
SF:src\screens\OrderConfirmScreen.tsx
FN:28,OrderConfirmScreen
FN:31,(anonymous_1)
FN:34,(anonymous_2)
FN:36,(anonymous_3)
FN:37,(anonymous_4)
FN:41,(anonymous_5)
FN:48,moveUp
FN:50,(anonymous_7)
FN:57,moveDown
FN:59,(anonymous_9)
FN:66,handleConfirm
FN:68,(anonymous_11)
FN:72,handleSaveTemplate
FN:79,(anonymous_13)
FN:86,(anonymous_14)
FN:98,(anonymous_15)
FN:111,(anonymous_16)
FN:132,(anonymous_17)
FN:146,(anonymous_18)
FN:155,(anonymous_19)
FN:178,(anonymous_20)
FN:187,(anonymous_21)
FN:205,(anonymous_22)
FN:228,makeStyles
FNF:24
FNH:22
FNDA:46,OrderConfirmScreen
FNDA:18,(anonymous_1)
FNDA:18,(anonymous_2)
FNDA:48,(anonymous_3)
FNDA:448,(anonymous_4)
FNDA:48,(anonymous_5)
FNDA:1,moveUp
FNDA:1,(anonymous_7)
FNDA:1,moveDown
FNDA:1,(anonymous_9)
FNDA:1,handleConfirm
FNDA:2,(anonymous_11)
FNDA:2,handleSaveTemplate
FNDA:3,(anonymous_13)
FNDA:127,(anonymous_14)
FNDA:1,(anonymous_15)
FNDA:1,(anonymous_16)
FNDA:1,(anonymous_17)
FNDA:145,(anonymous_18)
FNDA:5,(anonymous_19)
FNDA:0,(anonymous_20)
FNDA:0,(anonymous_21)
FNDA:1,(anonymous_22)
FNDA:18,makeStyles
DA:29,46
DA:30,46
DA:31,46
DA:32,46
DA:34,46
DA:35,18
DA:37,448
DA:38,48
DA:39,48
DA:41,48
DA:44,46
DA:45,46
DA:46,46
DA:49,1
DA:50,1
DA:51,1
DA:52,1
DA:53,1
DA:58,1
DA:59,1
DA:60,1
DA:61,1
DA:62,1
DA:67,1
DA:68,2
DA:73,2
DA:74,2
DA:75,1
DA:76,1
DA:78,1
DA:79,3
DA:80,1
DA:81,1
DA:82,1
DA:83,1
DA:86,46
DA:87,127
DA:88,127
DA:89,127
DA:98,1
DA:111,1
DA:127,46
DA:132,1
DA:146,145
DA:155,5
DA:178,0
DA:187,0
DA:205,1
DA:229,18
LF:49
LH:47
BRDA:38,0,0,0
BRDA:38,0,1,48
BRDA:49,1,0,0
BRDA:49,1,1,1
BRDA:58,2,0,0
BRDA:58,2,1,1
BRDA:74,3,0,1
BRDA:74,3,1,1
BRDA:97,4,0,127
BRDA:97,4,1,46
BRDA:106,5,0,46
BRDA:106,5,1,81
BRDA:110,6,0,127
BRDA:110,6,1,46
BRDA:119,7,0,46
BRDA:119,7,1,81
BRDA:182,8,0,46
BRDA:182,8,1,0
BRDA:211,9,0,46
BRDA:211,9,1,1
BRDA:216,10,0,1
BRDA:216,10,1,45
BRF:22
BRH:18
end_of_record
TN:
SF:src\screens\ProgressScreen.tsx
FN:26,toDateStr
FN:30,formatDate
FN:35,getWeekStart
FN:44,getWeekLabel
FN:62,ProgressScreen
FN:65,(anonymous_5)
FN:69,(anonymous_6)
FN:77,(anonymous_7)
FN:79,(anonymous_8)
FN:80,(anonymous_9)
FN:82,(anonymous_10)
FN:86,(anonymous_11)
FN:90,(anonymous_12)
FN:100,(anonymous_13)
FN:102,(anonymous_14)
FN:113,(anonymous_15)
FN:122,(anonymous_16)
FN:130,(anonymous_17)
FN:143,(anonymous_18)
FN:143,(anonymous_19)
FN:148,(anonymous_20)
FN:165,(anonymous_21)
FN:184,(anonymous_22)
FN:185,(anonymous_23)
FN:190,(anonymous_24)
FN:191,(anonymous_25)
FN:192,(anonymous_26)
FN:200,(anonymous_27)
FN:200,(anonymous_28)
FN:201,(anonymous_29)
FN:202,(anonymous_30)
FN:205,(anonymous_31)
FN:208,(anonymous_32)
FN:215,(anonymous_33)
FN:218,(anonymous_34)
FN:220,(anonymous_35)
FN:221,(anonymous_36)
FN:228,(anonymous_37)
FN:256,(anonymous_38)
FN:260,(anonymous_39)
FN:263,(anonymous_40)
FN:284,(anonymous_41)
FN:288,(anonymous_42)
FN:312,(anonymous_43)
FN:319,(anonymous_44)
FN:374,(anonymous_45)
FN:375,(anonymous_46)
FN:388,(anonymous_47)
FN:389,(anonymous_48)
FN:404,(anonymous_49)
FN:411,(anonymous_50)
FN:416,(anonymous_51)
FN:444,(anonymous_52)
FN:451,(anonymous_53)
FN:475,makeStyles
FNF:55
FNH:51
FNDA:162,toDateStr
FNDA:35,formatDate
FNDA:0,getWeekStart
FNDA:0,getWeekLabel
FNDA:27,ProgressScreen
FNDA:20,(anonymous_5)
FNDA:20,(anonymous_6)
FNDA:20,(anonymous_7)
FNDA:13,(anonymous_8)
FNDA:13,(anonymous_9)
FNDA:19,(anonymous_10)
FNDA:6,(anonymous_11)
FNDA:20,(anonymous_12)
FNDA:9,(anonymous_13)
FNDA:15,(anonymous_14)
FNDA:120,(anonymous_15)
FNDA:20,(anonymous_16)
FNDA:77,(anonymous_17)
FNDA:20,(anonymous_18)
FNDA:140,(anonymous_19)
FNDA:22,(anonymous_20)
FNDA:11,(anonymous_21)
FNDA:1,(anonymous_22)
FNDA:1,(anonymous_23)
FNDA:4,(anonymous_24)
FNDA:4,(anonymous_25)
FNDA:4,(anonymous_26)
FNDA:5,(anonymous_27)
FNDA:5,(anonymous_28)
FNDA:5,(anonymous_29)
FNDA:1,(anonymous_30)
FNDA:5,(anonymous_31)
FNDA:8,(anonymous_32)
FNDA:5,(anonymous_33)
FNDA:8,(anonymous_34)
FNDA:5,(anonymous_35)
FNDA:6,(anonymous_36)
FNDA:1,(anonymous_37)
FNDA:29,(anonymous_38)
FNDA:22,(anonymous_39)
FNDA:4,(anonymous_40)
FNDA:182,(anonymous_41)
FNDA:162,(anonymous_42)
FNDA:189,(anonymous_43)
FNDA:0,(anonymous_44)
FNDA:1,(anonymous_45)
FNDA:1,(anonymous_46)
FNDA:1,(anonymous_47)
FNDA:1,(anonymous_48)
FNDA:189,(anonymous_49)
FNDA:1120,(anonymous_50)
FNDA:1,(anonymous_51)
FNDA:0,(anonymous_52)
FNDA:5,(anonymous_53)
FNDA:20,makeStyles
DA:27,162
DA:31,35
DA:32,35
DA:36,0
DA:37,0
DA:38,0
DA:39,0
DA:40,0
DA:41,0
DA:45,0
DA:63,27
DA:64,27
DA:65,27
DA:66,27
DA:67,27
DA:69,27
DA:70,20
DA:71,20
DA:72,20
DA:73,20
DA:77,27
DA:78,20
DA:79,13
DA:80,13
DA:82,19
DA:86,6
DA:90,27
DA:91,20
DA:94,20
DA:98,20
DA:99,11
DA:100,9
DA:101,9
DA:102,9
DA:103,15
DA:105,9
DA:106,9
DA:107,9
DA:108,9
DA:113,120
DA:122,27
DA:123,20
DA:124,20
DA:125,20
DA:126,20
DA:127,140
DA:128,140
DA:129,140
DA:130,140
DA:131,140
DA:139,20
DA:142,27
DA:143,140
DA:148,27
DA:149,22
DA:150,22
DA:151,22
DA:152,22
DA:154,22
DA:155,22
DA:158,22
DA:160,22
DA:161,128
DA:164,22
DA:165,22
DA:167,22
DA:168,678
DA:169,678
DA:177,22
DA:178,104
DA:181,22
DA:184,27
DA:185,1
DA:186,1
DA:187,1
DA:190,27
DA:191,4
DA:192,4
DA:193,4
DA:195,4
DA:196,4
DA:199,4
DA:200,5
DA:201,5
DA:202,1
DA:205,4
DA:206,5
DA:207,5
DA:208,8
DA:209,5
DA:212,4
DA:216,5
DA:217,5
DA:218,5
DA:219,8
DA:220,5
DA:221,6
DA:222,5
DA:228,1
DA:233,4
DA:238,27
DA:256,29
DA:261,22
DA:263,4
DA:284,182
DA:289,162
DA:313,189
DA:314,189
DA:315,189
DA:320,0
DA:321,0
DA:375,1
DA:376,1
DA:377,1
DA:378,1
DA:389,1
DA:390,1
DA:391,1
DA:392,1
DA:405,189
DA:412,1120
DA:416,1
DA:444,0
DA:452,5
DA:471,1
DA:472,1
DA:473,1
DA:476,20
LF:128
LH:118
BRDA:39,0,0,0
BRDA:39,0,1,0
BRDA:82,1,0,13
BRDA:82,1,1,0
BRDA:101,2,0,0
BRDA:101,2,1,9
BRDA:103,3,0,15
BRDA:103,3,1,0
BRDA:103,4,0,15
BRDA:103,4,1,15
BRDA:106,5,0,9
BRDA:106,5,1,0
BRDA:134,6,0,140
BRDA:134,6,1,139
BRDA:135,7,0,140
BRDA:135,7,1,139
BRDA:155,8,0,21
BRDA:155,8,1,1
BRDA:186,9,0,0
BRDA:186,9,1,1
BRDA:193,10,0,0
BRDA:193,10,1,4
BRDA:193,11,0,4
BRDA:193,11,1,4
BRDA:196,12,0,4
BRDA:196,12,1,0
BRDA:201,13,0,5
BRDA:201,13,1,5
BRDA:208,14,0,8
BRDA:208,14,1,0
BRDA:219,15,0,8
BRDA:219,15,1,0
BRDA:219,16,0,5
BRDA:219,16,1,3
BRDA:225,17,0,5
BRDA:225,17,1,0
BRDA:227,18,0,5
BRDA:227,18,1,0
BRDA:250,19,0,15
BRDA:250,19,1,12
BRDA:291,20,0,13
BRDA:291,20,1,149
BRDA:296,21,0,13
BRDA:296,21,1,149
BRDA:298,22,0,162
BRDA:298,22,1,13
BRDA:301,23,0,13
BRDA:301,23,1,149
BRDA:314,24,0,2
BRDA:314,24,1,187
BRDA:320,25,0,0
BRDA:320,25,1,0
BRDA:324,26,0,2
BRDA:324,26,1,187
BRDA:326,27,0,2
BRDA:326,27,1,187
BRDA:328,28,0,2
BRDA:328,28,1,187
BRDA:333,29,0,189
BRDA:333,29,1,2
BRDA:334,30,0,2
BRDA:334,30,1,0
BRDA:335,31,0,0
BRDA:335,31,1,2
BRDA:344,32,0,27
BRDA:344,32,1,162
BRDA:346,33,0,2
BRDA:346,33,1,160
BRDA:351,34,0,189
BRDA:351,34,1,27
BRDA:413,35,0,833
BRDA:413,35,1,287
BRDA:415,36,0,833
BRDA:415,36,1,25
BRDA:416,37,0,1
BRDA:416,37,1,0
BRDA:417,38,0,17
BRDA:417,38,1,816
BRDA:418,39,0,17
BRDA:418,39,1,816
BRDA:423,40,0,833
BRDA:423,40,1,17
BRDA:423,40,2,2
BRDA:424,41,0,833
BRDA:424,41,1,25
BRDA:429,42,0,833
BRDA:429,42,1,17
BRDA:429,42,2,2
BRDA:445,43,0,27
BRDA:445,43,1,23
BRDA:448,44,0,27
BRDA:448,44,1,4
BRDA:448,44,2,4
BRDA:451,45,0,27
BRDA:451,45,1,4
BRF:95
BRH:77
end_of_record
TN:
SF:src\screens\RMCalculatorScreen.tsx
FN:17,calc1RM
FN:27,calcNRM
FN:31,(anonymous_2)
FN:43,RMCalculatorScreen
FN:45,(anonymous_4)
FN:50,(anonymous_5)
FN:54,(anonymous_6)
FN:55,(anonymous_7)
FN:97,(anonymous_8)
FN:97,(anonymous_9)
FN:110,(anonymous_10)
FN:110,(anonymous_11)
FN:128,(anonymous_12)
FN:128,(anonymous_13)
FN:141,(anonymous_14)
FN:141,(anonymous_15)
FN:168,(anonymous_16)
FN:200,makeStyles
FNF:18
FNH:18
FNDA:70,calc1RM
FNDA:2800,calcNRM
FNDA:2993,(anonymous_2)
FNDA:73,RMCalculatorScreen
FNDA:13,(anonymous_4)
FNDA:70,(anonymous_5)
FNDA:70,(anonymous_6)
FNDA:700,(anonymous_7)
FNDA:31,(anonymous_8)
FNDA:31,(anonymous_9)
FNDA:1,(anonymous_10)
FNDA:1,(anonymous_11)
FNDA:11,(anonymous_12)
FNDA:11,(anonymous_13)
FNDA:31,(anonymous_14)
FNDA:31,(anonymous_15)
FNDA:730,(anonymous_16)
FNDA:13,makeStyles
DA:18,70
DA:19,69
DA:20,69
DA:21,69
DA:22,69
DA:23,69
DA:28,2800
DA:31,2993
DA:35,1
DA:36,1
DA:37,1
DA:38,1
DA:39,1
DA:44,73
DA:45,73
DA:46,73
DA:47,73
DA:49,73
DA:50,70
DA:54,73
DA:55,70
DA:56,700
DA:57,700
DA:68,73
DA:97,31
DA:110,1
DA:128,11
DA:141,31
DA:169,730
DA:170,730
DA:201,13
LF:31
LH:31
BRDA:18,0,0,1
BRDA:18,0,1,69
BRDA:171,1,0,730
BRDA:171,1,1,73
BRDA:172,2,0,730
BRDA:172,2,1,73
BRDA:175,3,0,730
BRDA:175,3,1,73
BRDA:178,4,0,730
BRDA:178,4,1,73
BRDA:181,5,0,730
BRDA:181,5,1,73
BRDA:184,6,0,730
BRDA:184,6,1,73
BRF:14
BRH:14
end_of_record
TN:
SF:src\screens\SessionEditScreen.tsx
FN:30,newId
FN:36,SessionEditScreen
FN:42,(anonymous_2)
FN:44,(anonymous_3)
FN:45,(anonymous_4)
FN:46,(anonymous_5)
FN:48,(anonymous_6)
FN:61,(anonymous_7)
FN:66,(anonymous_8)
FN:72,(anonymous_9)
FN:72,(anonymous_10)
FN:72,(anonymous_11)
FN:77,(anonymous_12)
FN:79,(anonymous_13)
FN:80,(anonymous_14)
FN:84,(anonymous_15)
FN:86,(anonymous_16)
FN:87,(anonymous_17)
FN:111,(anonymous_18)
FN:125,(anonymous_19)
FN:135,(anonymous_20)
FN:144,(anonymous_21)
FN:161,(anonymous_22)
FN:163,(anonymous_23)
FN:199,makeStyles
FNF:25
FNH:25
FNDA:2,newId
FNDA:20,SessionEditScreen
FNDA:13,(anonymous_2)
FNDA:19,(anonymous_3)
FNDA:19,(anonymous_4)
FNDA:20,(anonymous_5)
FNDA:13,(anonymous_6)
FNDA:1,(anonymous_7)
FNDA:2,(anonymous_8)
FNDA:1,(anonymous_9)
FNDA:1,(anonymous_10)
FNDA:2,(anonymous_11)
FNDA:2,(anonymous_12)
FNDA:2,(anonymous_13)
FNDA:4,(anonymous_14)
FNDA:2,(anonymous_15)
FNDA:2,(anonymous_16)
FNDA:4,(anonymous_17)
FNDA:33,(anonymous_18)
FNDA:2,(anonymous_19)
FNDA:2,(anonymous_20)
FNDA:2,(anonymous_21)
FNDA:2,(anonymous_22)
FNDA:2,(anonymous_23)
FNDA:13,makeStyles
DA:31,2
DA:37,20
DA:38,20
DA:39,20
DA:40,20
DA:41,20
DA:42,20
DA:44,20
DA:45,20
DA:46,20
DA:48,20
DA:50,20
DA:51,1
DA:61,19
DA:62,1
DA:63,1
DA:66,19
DA:67,2
DA:72,2
DA:77,19
DA:78,2
DA:79,2
DA:80,4
DA:84,19
DA:85,2
DA:86,2
DA:87,4
DA:91,19
DA:112,33
DA:125,2
DA:135,2
DA:144,2
DA:162,2
DA:163,2
DA:200,13
LF:35
LH:35
BRDA:48,0,0,13
BRDA:48,0,1,1
BRDA:50,1,0,1
BRDA:50,1,1,19
BRDA:50,2,0,20
BRDA:50,2,1,19
BRDA:78,3,0,1
BRDA:78,3,1,1
BRDA:80,4,0,2
BRDA:80,4,1,2
BRDA:80,5,0,0
BRDA:80,5,1,2
BRDA:85,6,0,1
BRDA:85,6,1,1
BRDA:87,7,0,2
BRDA:87,7,1,2
BRDA:87,8,0,0
BRDA:87,8,1,2
BRDA:94,9,0,19
BRDA:94,9,1,0
BRDA:115,10,0,33
BRDA:115,10,1,16
BRDA:124,11,0,31
BRDA:124,11,1,2
BRDA:134,12,0,31
BRDA:134,12,1,2
BRDA:153,13,0,19
BRDA:153,13,1,2
BRDA:167,14,0,2
BRDA:167,14,1,1
BRDA:168,15,0,2
BRDA:168,15,1,1
BRF:32
BRH:29
end_of_record
TN:
SF:src\screens\SettingsScreen.tsx
FN:34,SectionHeader
FN:49,Stepper
FN:61,(anonymous_2)
FN:81,(anonymous_3)
FN:125,SettingsScreen
FN:128,(anonymous_5)
FN:132,(anonymous_6)
FN:133,(anonymous_7)
FN:136,(anonymous_8)
FN:142,(anonymous_9)
FN:148,(anonymous_10)
FN:157,(anonymous_11)
FN:169,(anonymous_12)
FN:218,(anonymous_13)
FN:230,(anonymous_14)
FN:258,(anonymous_15)
FN:268,(anonymous_16)
FN:278,(anonymous_17)
FN:288,(anonymous_18)
FN:335,makeStyles
FNF:20
FNH:20
FNDA:290,SectionHeader
FNDA:232,Stepper
FNDA:1,(anonymous_2)
FNDA:4,(anonymous_3)
FNDA:58,SettingsScreen
FNDA:58,(anonymous_5)
FNDA:28,(anonymous_6)
FNDA:28,(anonymous_7)
FNDA:1,(anonymous_8)
FNDA:1,(anonymous_9)
FNDA:2,(anonymous_10)
FNDA:1,(anonymous_11)
FNDA:5,(anonymous_12)
FNDA:116,(anonymous_13)
FNDA:1,(anonymous_14)
FNDA:2,(anonymous_15)
FNDA:1,(anonymous_16)
FNDA:1,(anonymous_17)
FNDA:1,(anonymous_18)
FNDA:58,makeStyles
DA:23,1
DA:24,1
DA:26,1
DA:27,1
DA:35,290
DA:50,232
DA:51,232
DA:52,232
DA:54,232
DA:61,1
DA:81,4
DA:95,1
DA:126,58
DA:127,58
DA:128,58
DA:130,58
DA:132,58
DA:133,28
DA:136,58
DA:137,1
DA:138,1
DA:139,1
DA:142,58
DA:143,1
DA:144,1
DA:145,1
DA:148,58
DA:149,2
DA:158,1
DA:159,1
DA:169,58
DA:170,5
DA:173,58
DA:219,116
DA:220,116
DA:230,1
DA:258,2
DA:268,1
DA:278,1
DA:288,1
DA:336,58
LF:41
LH:41
BRDA:27,0,0,1
BRDA:27,0,1,1
BRDA:49,1,0,174
BRDA:52,2,0,58
BRDA:52,2,1,174
BRDA:59,3,0,232
BRDA:59,3,1,0
BRDA:67,4,0,232
BRDA:67,4,1,0
BRDA:79,5,0,232
BRDA:79,5,1,0
BRDA:87,6,0,232
BRDA:87,6,1,0
BRDA:192,7,0,57
BRDA:192,7,1,1
BRDA:207,8,0,57
BRDA:207,8,1,1
BRDA:226,9,0,58
BRDA:226,9,1,58
BRF:19
BRH:15
end_of_record
TN:
SF:src\screens\TemplateManageScreen.tsx
FN:24,TemplateManageScreen
FN:27,(anonymous_1)
FN:41,(anonymous_2)
FN:50,(anonymous_3)
FN:51,(anonymous_4)
FN:61,(anonymous_5)
FN:83,(anonymous_6)
FN:92,(anonymous_7)
FN:99,(anonymous_8)
FN:100,(anonymous_9)
FN:113,(anonymous_10)
FN:113,(anonymous_11)
FN:141,(anonymous_12)
FN:154,(anonymous_13)
FN:155,(anonymous_14)
FN:157,(anonymous_15)
FN:157,(anonymous_16)
FN:166,(anonymous_17)
FN:167,(anonymous_18)
FN:206,(anonymous_19)
FN:249,(anonymous_20)
FN:255,(anonymous_21)
FN:259,(anonymous_22)
FN:270,(anonymous_23)
FN:277,(anonymous_24)
FN:316,makeStyles
FNF:26
FNH:26
FNDA:89,TemplateManageScreen
FNDA:26,(anonymous_1)
FNDA:17,(anonymous_2)
FNDA:2,(anonymous_3)
FNDA:2,(anonymous_4)
FNDA:6,(anonymous_5)
FNDA:2,(anonymous_6)
FNDA:1,(anonymous_7)
FNDA:5,(anonymous_8)
FNDA:5,(anonymous_9)
FNDA:29,(anonymous_10)
FNDA:90,(anonymous_11)
FNDA:24,(anonymous_12)
FNDA:6,(anonymous_13)
FNDA:15,(anonymous_14)
FNDA:15,(anonymous_15)
FNDA:631,(anonymous_16)
FNDA:2,(anonymous_17)
FNDA:2,(anonymous_18)
FNDA:1,(anonymous_19)
FNDA:1,(anonymous_20)
FNDA:198,(anonymous_21)
FNDA:2,(anonymous_22)
FNDA:1411,(anonymous_23)
FNDA:5,(anonymous_24)
FNDA:26,makeStyles
DA:25,89
DA:26,89
DA:27,89
DA:30,89
DA:31,89
DA:34,89
DA:35,89
DA:36,89
DA:38,89
DA:41,89
DA:42,17
DA:43,17
DA:44,17
DA:45,17
DA:46,17
DA:50,89
DA:51,2
DA:52,2
DA:53,2
DA:54,2
DA:55,2
DA:56,2
DA:57,2
DA:61,89
DA:62,6
DA:63,6
DA:64,2
DA:65,2
DA:67,4
DA:68,2
DA:69,2
DA:71,2
DA:73,1
DA:76,1
DA:78,2
DA:79,2
DA:83,89
DA:84,2
DA:92,1
DA:99,89
DA:100,5
DA:101,5
DA:102,5
DA:103,1
DA:105,4
DA:107,5
DA:112,89
DA:113,90
DA:121,89
DA:122,56
DA:141,24
DA:154,6
DA:156,15
DA:157,631
DA:159,15
DA:161,15
DA:163,15
DA:166,2
DA:167,2
DA:201,33
DA:206,1
DA:249,1
DA:256,198
DA:259,2
DA:271,1411
DA:272,1411
DA:277,5
DA:317,26
LF:68
LH:68
BRDA:38,0,0,89
BRDA:38,0,1,85
BRDA:52,1,0,0
BRDA:52,1,1,2
BRDA:63,2,0,2
BRDA:63,2,1,4
BRDA:67,3,0,2
BRDA:67,3,1,2
BRDA:71,4,0,1
BRDA:71,4,1,1
BRDA:102,5,0,1
BRDA:102,5,1,4
BRDA:113,6,0,2
BRDA:113,6,1,27
BRDA:121,7,0,56
BRDA:121,7,1,33
BRDA:144,8,0,56
BRDA:144,8,1,47
BRDA:157,9,0,15
BRDA:157,9,1,14
BRDA:161,10,0,0
BRDA:161,10,1,15
BRDA:204,11,0,29
BRDA:204,11,1,4
BRDA:248,12,0,33
BRDA:248,12,1,31
BRDA:251,13,0,33
BRDA:251,13,1,31
BRDA:258,14,0,198
BRDA:258,14,1,2
BRDA:261,15,0,198
BRDA:261,15,1,2
BRDA:274,16,0,1411
BRDA:274,16,1,1378
BRDA:283,17,0,1411
BRDA:283,17,1,5
BRDA:284,18,0,1411
BRDA:284,18,1,5
BRDA:292,19,0,1411
BRDA:292,19,1,5
BRDA:306,20,0,33
BRDA:306,20,1,9
BRF:42
BRH:40
end_of_record
TN:
SF:src\screens\WorkoutScreen.tsx
FN:44,ExerciseSelectScreen
FN:50,(anonymous_1)
FN:55,(anonymous_2)
FN:60,toggleExercise
FN:61,(anonymous_4)
FN:62,(anonymous_5)
FN:66,handleStart
FN:71,handleTemplatePress
FN:75,handleTemplateLongPress
FN:81,(anonymous_9)
FN:86,formatDate
FN:106,(anonymous_11)
FN:110,(anonymous_12)
FN:111,(anonymous_13)
FN:134,(anonymous_14)
FN:140,(anonymous_15)
FN:159,(anonymous_16)
FN:165,(anonymous_17)
FN:174,(anonymous_18)
FN:225,newId
FN:230,buildUpdatedSession
FN:235,(anonymous_21)
FN:252,buildRows
FN:259,(anonymous_23)
FN:266,(anonymous_24)
FN:276,ActiveWorkoutScreen
FN:280,(anonymous_26)
FN:284,(anonymous_27)
FN:286,(anonymous_28)
FN:303,(anonymous_29)
FN:307,(anonymous_30)
FN:316,(anonymous_31)
FN:316,(anonymous_32)
FN:317,(anonymous_33)
FN:318,(anonymous_34)
FN:325,(anonymous_35)
FN:332,(anonymous_36)
FN:341,(anonymous_37)
FN:349,startEditing
FN:356,(anonymous_39)
FN:362,commitEdit
FN:369,(anonymous_41)
FN:369,(anonymous_42)
FN:372,(anonymous_43)
FN:372,(anonymous_44)
FN:379,adjustWeight
FN:382,(anonymous_46)
FN:382,(anonymous_47)
FN:390,adjustReps
FN:393,(anonymous_49)
FN:393,(anonymous_50)
FN:401,handleRowTap
FN:407,(anonymous_52)
FN:407,(anonymous_53)
FN:419,(anonymous_54)
FN:419,(anonymous_55)
FN:424,handleSetComplete
FN:430,(anonymous_57)
FN:431,(anonymous_58)
FN:432,(anonymous_59)
FN:435,(anonymous_60)
FN:447,(anonymous_61)
FN:456,(anonymous_62)
FN:460,buildReport
FN:461,(anonymous_64)
FN:462,(anonymous_65)
FN:465,(anonymous_66)
FN:466,(anonymous_67)
FN:468,(anonymous_68)
FN:468,(anonymous_69)
FN:469,(anonymous_70)
FN:470,(anonymous_71)
FN:474,(anonymous_72)
FN:475,(anonymous_73)
FN:499,handleExerciseComplete
FN:512,handlePreviousExercise
FN:514,(anonymous_76)
FN:517,(anonymous_77)
FN:520,doWorkoutEnd
FN:521,(anonymous_79)
FN:530,handleWorkoutEnd
FN:531,(anonymous_81)
FN:536,(anonymous_82)
FN:548,(anonymous_83)
FN:566,(anonymous_84)
FN:591,(anonymous_85)
FN:594,(anonymous_86)
FN:602,(anonymous_87)
FN:623,(anonymous_88)
FN:626,(anonymous_89)
FN:657,(anonymous_90)
FN:658,(anonymous_91)
FN:672,(anonymous_92)
FN:680,(anonymous_93)
FN:753,makeStyles
FN:1400,WorkoutCompleteScreen
FN:1403,(anonymous_96)
FN:1410,(anonymous_97)
FN:1414,(anonymous_98)
FN:1415,(anonymous_99)
FN:1417,handleGoHome
FN:1458,(anonymous_101)
FN:1485,makeCompleteStyles
FNF:103
FNH:95
FNDA:31,ExerciseSelectScreen
FNDA:13,(anonymous_1)
FNDA:13,(anonymous_2)
FNDA:3,toggleExercise
FNDA:3,(anonymous_4)
FNDA:1,(anonymous_5)
FNDA:1,handleStart
FNDA:1,handleTemplatePress
FNDA:2,handleTemplateLongPress
FNDA:1,(anonymous_9)
FNDA:8,formatDate
FNDA:8,(anonymous_11)
FNDA:1,(anonymous_12)
FNDA:2,(anonymous_13)
FNDA:186,(anonymous_14)
FNDA:2,(anonymous_15)
FNDA:267,(anonymous_16)
FNDA:252,(anonymous_17)
FNDA:3,(anonymous_18)
FNDA:0,newId
FNDA:4,buildUpdatedSession
FNDA:0,(anonymous_21)
FNDA:72,buildRows
FNDA:114,(anonymous_23)
FNDA:102,(anonymous_24)
FNDA:110,ActiveWorkoutScreen
FNDA:35,(anonymous_26)
FNDA:150,(anonymous_27)
FNDA:35,(anonymous_28)
FNDA:39,(anonymous_29)
FNDA:2,(anonymous_30)
FNDA:38,(anonymous_31)
FNDA:38,(anonymous_32)
FNDA:38,(anonymous_33)
FNDA:0,(anonymous_34)
FNDA:39,(anonymous_35)
FNDA:149,(anonymous_36)
FNDA:6,(anonymous_37)
FNDA:5,startEditing
FNDA:5,(anonymous_39)
FNDA:3,commitEdit
FNDA:1,(anonymous_41)
FNDA:3,(anonymous_42)
FNDA:1,(anonymous_43)
FNDA:3,(anonymous_44)
FNDA:3,adjustWeight
FNDA:3,(anonymous_46)
FNDA:11,(anonymous_47)
FNDA:3,adjustReps
FNDA:3,(anonymous_49)
FNDA:11,(anonymous_50)
FNDA:3,handleRowTap
FNDA:1,(anonymous_52)
FNDA:3,(anonymous_53)
FNDA:1,(anonymous_54)
FNDA:3,(anonymous_55)
FNDA:13,handleSetComplete
FNDA:13,(anonymous_57)
FNDA:39,(anonymous_58)
FNDA:35,(anonymous_59)
FNDA:18,(anonymous_60)
FNDA:0,(anonymous_61)
FNDA:0,(anonymous_62)
FNDA:2,buildReport
FNDA:4,(anonymous_64)
FNDA:4,(anonymous_65)
FNDA:2,(anonymous_66)
FNDA:2,(anonymous_67)
FNDA:2,(anonymous_68)
FNDA:2,(anonymous_69)
FNDA:2,(anonymous_70)
FNDA:0,(anonymous_71)
FNDA:6,(anonymous_72)
FNDA:0,(anonymous_73)
FNDA:4,handleExerciseComplete
FNDA:1,handlePreviousExercise
FNDA:3,(anonymous_76)
FNDA:1,(anonymous_77)
FNDA:1,doWorkoutEnd
FNDA:3,(anonymous_79)
FNDA:2,handleWorkoutEnd
FNDA:6,(anonymous_81)
FNDA:1,(anonymous_82)
FNDA:1,(anonymous_83)
FNDA:4,(anonymous_84)
FNDA:1,(anonymous_85)
FNDA:2,(anonymous_86)
FNDA:1,(anonymous_87)
FNDA:1,(anonymous_88)
FNDA:2,(anonymous_89)
FNDA:110,(anonymous_90)
FNDA:0,(anonymous_91)
FNDA:339,(anonymous_92)
FNDA:3,(anonymous_93)
FNDA:48,makeStyles
FNDA:11,WorkoutCompleteScreen
FNDA:11,(anonymous_96)
FNDA:21,(anonymous_97)
FNDA:21,(anonymous_98)
FNDA:21,(anonymous_99)
FNDA:1,handleGoHome
FNDA:21,(anonymous_101)
FNDA:11,makeCompleteStyles
DA:31,2
DA:45,31
DA:46,31
DA:47,31
DA:48,31
DA:49,31
DA:50,31
DA:51,31
DA:54,31
DA:56,13
DA:61,3
DA:62,3
DA:67,1
DA:68,1
DA:72,1
DA:76,2
DA:81,1
DA:87,8
DA:88,8
DA:91,31
DA:107,8
DA:110,1
DA:111,2
DA:135,186
DA:136,186
DA:140,2
DA:159,267
DA:166,252
DA:167,252
DA:174,3
DA:226,0
DA:234,4
DA:235,4
DA:236,0
DA:238,0
DA:241,0
DA:249,4
DA:258,72
DA:259,114
DA:265,34
DA:266,34
DA:267,102
DA:268,102
DA:277,110
DA:278,110
DA:279,110
DA:280,110
DA:282,110
DA:283,110
DA:284,150
DA:286,110
DA:287,110
DA:288,110
DA:289,110
DA:290,110
DA:291,110
DA:293,110
DA:294,110
DA:295,110
DA:296,110
DA:297,110
DA:298,110
DA:299,110
DA:300,110
DA:303,110
DA:304,39
DA:305,39
DA:307,2
DA:312,2
DA:314,37
DA:315,37
DA:316,38
DA:317,38
DA:318,0
DA:319,37
DA:321,39
DA:322,39
DA:323,39
DA:325,39
DA:326,39
DA:332,149
DA:333,110
DA:334,110
DA:335,110
DA:336,110
DA:339,110
DA:341,110
DA:342,6
DA:343,6
DA:350,5
DA:351,5
DA:352,5
DA:353,5
DA:354,5
DA:355,5
DA:356,5
DA:357,5
DA:358,1
DA:363,3
DA:364,3
DA:365,3
DA:366,3
DA:367,2
DA:368,1
DA:369,3
DA:371,1
DA:372,3
DA:375,3
DA:376,3
DA:380,3
DA:381,3
DA:382,3
DA:383,11
DA:384,3
DA:385,3
DA:387,3
DA:391,3
DA:392,3
DA:393,3
DA:394,11
DA:395,3
DA:396,3
DA:398,3
DA:403,3
DA:404,1
DA:405,1
DA:406,1
DA:407,1
DA:408,3
DA:409,1
DA:410,0
DA:413,2
DA:414,2
DA:416,1
DA:417,1
DA:418,2
DA:419,3
DA:421,3
DA:425,13
DA:426,13
DA:427,13
DA:429,13
DA:430,13
DA:431,39
DA:432,35
DA:433,13
DA:435,18
DA:436,6
DA:437,6
DA:440,7
DA:441,7
DA:442,7
DA:445,13
DA:447,4
DA:448,4
DA:450,9
DA:453,13
DA:454,13
DA:455,13
DA:456,13
DA:461,2
DA:462,4
DA:463,4
DA:465,2
DA:466,2
DA:467,2
DA:468,2
DA:469,2
DA:470,0
DA:472,2
DA:474,6
DA:475,2
DA:476,2
DA:477,2
DA:486,0
DA:487,0
DA:488,0
DA:500,4
DA:501,4
DA:502,4
DA:503,3
DA:505,1
DA:513,1
DA:514,3
DA:515,0
DA:517,1
DA:521,3
DA:522,0
DA:524,1
DA:531,6
DA:534,2
DA:536,1
DA:540,110
DA:542,110
DA:548,1
DA:566,4
DA:591,1
DA:594,2
DA:602,1
DA:623,1
DA:626,2
DA:658,110
DA:659,110
DA:673,339
DA:675,339
DA:676,339
DA:680,3
DA:754,48
DA:1401,11
DA:1402,11
DA:1403,11
DA:1405,11
DA:1406,11
DA:1407,11
DA:1408,11
DA:1410,11
DA:1411,21
DA:1414,21
DA:1415,21
DA:1419,1
DA:1425,1
DA:1428,11
DA:1459,21
DA:1486,11
LF:224
LH:212
BRDA:51,0,0,31
BRDA:51,0,1,0
BRDA:62,1,0,1
BRDA:62,1,1,2
BRDA:67,2,0,0
BRDA:67,2,1,1
BRDA:98,3,0,31
BRDA:98,3,1,8
BRDA:139,4,0,186
BRDA:139,4,1,31
BRDA:146,5,0,186
BRDA:146,5,1,31
BRDA:162,6,0,31
BRDA:162,6,1,2
BRDA:171,7,0,252
BRDA:171,7,1,31
BRDA:172,8,0,252
BRDA:172,8,1,2
BRDA:181,9,0,252
BRDA:181,9,1,2
BRDA:182,10,0,2
BRDA:182,10,1,250
BRDA:188,11,0,252
BRDA:188,11,1,2
BRDA:200,12,0,31
BRDA:200,12,1,2
BRDA:236,13,0,0
BRDA:236,13,1,0
BRDA:258,14,0,38
BRDA:258,14,1,34
BRDA:258,15,0,72
BRDA:258,15,1,34
BRDA:260,16,0,36
BRDA:260,16,1,78
BRDA:260,17,0,114
BRDA:260,17,1,38
BRDA:261,18,0,38
BRDA:261,18,1,76
BRDA:261,19,0,114
BRDA:261,19,1,38
BRDA:267,20,0,68
BRDA:267,20,1,34
BRDA:269,21,0,102
BRDA:269,21,1,0
BRDA:270,22,0,102
BRDA:270,22,1,0
BRDA:305,23,0,2
BRDA:305,23,1,37
BRDA:305,24,0,39
BRDA:305,24,1,36
BRDA:317,25,0,38
BRDA:317,25,1,34
BRDA:319,26,0,37
BRDA:319,26,1,3
BRDA:323,27,0,0
BRDA:323,27,1,39
BRDA:326,28,0,6
BRDA:326,28,1,33
BRDA:333,29,0,3
BRDA:333,29,1,107
BRDA:336,30,0,0
BRDA:336,30,1,110
BRDA:339,31,0,110
BRDA:339,31,1,105
BRDA:339,31,2,8
BRDA:350,32,0,0
BRDA:350,32,1,5
BRDA:353,33,0,4
BRDA:353,33,1,1
BRDA:354,34,0,5
BRDA:354,34,1,0
BRDA:357,35,0,4
BRDA:357,35,1,1
BRDA:363,36,0,0
BRDA:363,36,1,3
BRDA:363,37,0,3
BRDA:363,37,1,3
BRDA:366,38,0,2
BRDA:366,38,1,1
BRDA:366,39,0,3
BRDA:366,39,1,2
BRDA:367,40,0,1
BRDA:367,40,1,1
BRDA:369,41,0,1
BRDA:369,41,1,2
BRDA:372,42,0,1
BRDA:372,42,1,2
BRDA:380,43,0,0
BRDA:380,43,1,3
BRDA:383,44,0,8
BRDA:383,44,1,3
BRDA:384,45,0,3
BRDA:384,45,1,0
BRDA:391,46,0,0
BRDA:391,46,1,3
BRDA:394,47,0,8
BRDA:394,47,1,3
BRDA:395,48,0,3
BRDA:395,48,1,0
BRDA:403,49,0,1
BRDA:403,49,1,2
BRDA:408,50,0,1
BRDA:408,50,1,2
BRDA:408,51,0,3
BRDA:408,51,1,1
BRDA:408,51,2,1
BRDA:409,52,0,1
BRDA:409,52,1,0
BRDA:413,53,0,0
BRDA:413,53,1,2
BRDA:413,54,0,2
BRDA:413,54,1,1
BRDA:418,55,0,1
BRDA:418,55,1,1
BRDA:419,56,0,1
BRDA:419,56,1,2
BRDA:425,57,0,0
BRDA:425,57,1,13
BRDA:431,58,0,13
BRDA:431,58,1,26
BRDA:433,59,0,6
BRDA:433,59,1,7
BRDA:435,60,0,6
BRDA:435,60,1,12
BRDA:445,61,0,4
BRDA:445,61,1,9
BRDA:450,62,0,9
BRDA:450,62,1,0
BRDA:450,63,0,9
BRDA:450,63,1,0
BRDA:455,64,0,7
BRDA:455,64,1,6
BRDA:463,65,0,4
BRDA:463,65,1,0
BRDA:463,66,0,2
BRDA:463,66,1,2
BRDA:469,67,0,2
BRDA:469,67,1,2
BRDA:472,68,0,2
BRDA:472,68,1,0
BRDA:476,69,0,2
BRDA:476,69,1,0
BRDA:478,70,0,2
BRDA:478,70,1,0
BRDA:482,71,0,2
BRDA:482,71,1,0
BRDA:482,71,2,0
BRDA:486,72,0,0
BRDA:486,72,1,0
BRDA:487,73,0,0
BRDA:487,73,1,0
BRDA:489,74,0,0
BRDA:489,74,1,0
BRDA:490,75,0,0
BRDA:490,75,1,0
BRDA:493,76,0,0
BRDA:493,76,1,0
BRDA:493,76,2,0
BRDA:502,77,0,3
BRDA:502,77,1,1
BRDA:513,78,0,0
BRDA:513,78,1,1
BRDA:514,79,0,0
BRDA:514,79,1,1
BRDA:521,80,0,0
BRDA:521,80,1,1
BRDA:531,81,0,0
BRDA:531,81,1,2
BRDA:557,82,0,110
BRDA:557,82,1,0
BRDA:558,83,0,17
BRDA:558,83,1,93
BRDA:568,84,0,6
BRDA:568,84,1,104
BRDA:582,85,0,8
BRDA:582,85,1,96
BRDA:584,86,0,92
BRDA:584,86,1,4
BRDA:604,87,0,2
BRDA:604,87,1,108
BRDA:617,88,0,102
BRDA:617,88,1,6
BRDA:634,89,0,110
BRDA:634,89,1,110
BRDA:662,90,0,110
BRDA:662,90,1,0
BRDA:675,91,0,339
BRDA:675,91,1,300
BRDA:675,91,2,190
BRDA:675,91,3,78
BRDA:683,92,0,339
BRDA:683,92,1,110
BRDA:683,92,2,97
BRDA:684,93,0,339
BRDA:684,93,1,110
BRDA:687,94,0,339
BRDA:687,94,1,110
BRDA:692,95,0,339
BRDA:692,95,1,39
BRDA:693,96,0,339
BRDA:693,96,1,78
BRDA:695,97,0,246
BRDA:695,97,1,93
BRDA:695,98,0,339
BRDA:695,98,1,246
BRDA:696,99,0,242
BRDA:696,99,1,4
BRDA:699,100,0,339
BRDA:699,100,1,39
BRDA:704,101,0,339
BRDA:704,101,1,110
BRDA:720,102,0,110
BRDA:720,102,1,5
BRDA:733,103,0,98
BRDA:733,103,1,12
BRDA:736,104,0,98
BRDA:736,104,1,12
BRDA:1411,105,0,21
BRDA:1411,105,1,0
BRDA:1433,106,0,10
BRDA:1433,106,1,1
BRDA:1451,107,0,0
BRDA:1451,107,1,11
BRDA:1459,108,0,21
BRDA:1459,108,1,11
BRDA:1462,109,0,21
BRDA:1462,109,1,0
BRDA:1464,110,0,21
BRDA:1464,110,1,10
BRF:229
BRH:183
end_of_record
TN:
SF:src\utils\storage.ts
FN:5,saveWorkouts
FN:13,loadWorkouts
FN:24,savePersonalRecords
FN:32,loadPersonalRecords
FN:43,saveTemplates
FN:51,loadTemplates
FN:62,saveAppSettings
FN:70,loadAppSettings
FNF:8
FNH:8
FNDA:32,saveWorkouts
FNDA:97,loadWorkouts
FNDA:25,savePersonalRecords
FNDA:96,loadPersonalRecords
FNDA:13,saveTemplates
FNDA:96,loadTemplates
FNDA:2,saveAppSettings
FNDA:5,loadAppSettings
DA:6,32
DA:7,32
DA:9,1
DA:14,97
DA:15,97
DA:16,96
DA:17,6
DA:19,2
DA:20,2
DA:25,25
DA:26,25
DA:28,1
DA:33,96
DA:34,96
DA:35,96
DA:36,2
DA:38,1
DA:39,1
DA:44,13
DA:45,13
DA:47,1
DA:52,96
DA:53,96
DA:54,96
DA:55,8
DA:57,1
DA:58,1
DA:63,2
DA:64,2
DA:66,1
DA:71,5
DA:72,5
DA:73,4
DA:74,3
DA:76,2
DA:81,2
DA:82,2
LF:37
LH:37
BRDA:16,0,0,90
BRDA:16,0,1,6
BRDA:35,1,0,94
BRDA:35,1,1,2
BRDA:54,2,0,88
BRDA:54,2,1,8
BRDA:73,3,0,1
BRDA:73,3,1,3
BRF:8
BRH:8
end_of_record
